#
# A fatal error has been detected by the Java Runtime Environment:
#
#  SIGSEGV (0xb) at pc=0x00007f1582c10823, pid=19017, tid=139729076262656
#
# JRE version: OpenJDK Runtime Environment (7.0_85-b01) (build 1.7.0_85-b01)
# Java VM: OpenJDK 64-Bit Server VM (24.85-b03 mixed mode linux-amd64 compressed oops)
# Derivative: IcedTea 2.6.1
# Distribution: Debian GNU/Linux buildd-unstable (sid), package 7u85-2.6.1-3
# Problematic frame:
# V  [libjvm.so+0x2f2823]  BiasedLocking::revoke_and_rebias(Handle, bool, Thread*)+0x33
#
# Failed to write core dump. Core dumps have been disabled. To enable core dumping, try "ulimit -c unlimited" before starting Java again
#
# If you would like to submit a bug report, please include
# instructions on how to reproduce the bug and visit:
#   http://icedtea.classpath.org/bugzilla
#

---------------  T H R E A D  ---------------

Current thread (0x00007f15580c5800):  JavaThread "Thread-1" [_thread_in_vm, id=19041, stack(0x00007f1535749000,0x00007f1535f4a000)]

siginfo:si_signo=SIGSEGV: si_errno=0, si_code=1 (SEGV_MAPERR), si_addr=0x0000000000000001

Registers:
RAX=0x00007f15837042c8, RBX=0x0000000000000000, RCX=0x00007f1558067df0, RDX=0x00007f15580c5800
RSP=0x00007f1535f48c80, RBP=0x00007f1535f48d30, RSI=0x0000000000000000, RDI=0x00007f1558067df0
R8 =0x0000000000000000, R9 =0xffffffff00000000, R10=0x0000000000000001, R11=0x0000000000000246
R12=0x00007f1558067df0, R13=0x00007f15580c5800, R14=0x000000007fffffff, R15=0x00007f153e01bcb0
RIP=0x00007f1582c10823, EFLAGS=0x0000000000010246, CSGSFS=0x002b000000000033, ERR=0x0000000000000004
  TRAPNO=0x000000000000000e

Top of Stack: (sp=0x00007f1535f48c80)
0x00007f1535f48c80:   00009b68580c5800 2861167a3dda5300
0x00007f1535f48c90:   00007f1558067df0 2861167a3dda5300
0x00007f1535f48ca0:   00007f15580c59d8 0000000000000001
0x00007f1535f48cb0:   000000000000000b 00007f15300ea1b0
0x00007f1535f48cc0:   00007f154c065360 2861167a3dda5300
0x00007f1535f48cd0:   00007f1535f48e00 00007f15301582d0
0x00007f1535f48ce0:   00007f1535f48e30 2861167a3dda5300
0x00007f1535f48cf0:   0000000000000000 2861167a3dda5300
0x00007f1535f48d00:   00007f1535f48e30 00007f15580c5800
0x00007f1535f48d10:   00007f1558067df0 0000000000000000
0x00007f1535f48d20:   000000007fffffff 00007f153e01bcb0
0x00007f1535f48d30:   00007f1535f48d50 00007f1583225aba
0x00007f1535f48d40:   00007f15580c5800 00007f15580c59d8
0x00007f1535f48d50:   00007f1535f48db0 00007f1582f36353
0x00007f1535f48d60:   00007f15580c5800 0000000000000000
0x00007f1535f48d70:   00007f1535f48db0 00007f153eb0a6ca
0x00007f1535f48d80:   0000000000000000 2861167a3dda5300
0x00007f1535f48d90:   0000000000000000 00007f1535f48e24
0x00007f1535f48da0:   00007f1535f48e28 0000000000000000
0x00007f1535f48db0:   00007f1535f48dd0 00007f153eb06901
0x00007f1535f48dc0:   0000000000000001 00007f15580c59d8
0x00007f1535f48dd0:   00007f154c11d030 00007f153e01bcce
0x00007f1535f48de0:   00007f1530157190 00007f1530157190
0x00007f1535f48df0:   00007f1535f48e30 00007f15692c93fd
0x00007f1535f48e00:   0000000000000001 00000000692c9a2a
0x00007f1535f48e10:   00007f1535f48e24 00007f1535f48eb0
0x00007f1535f48e20:   ffffffff00000000 00007f154c12cb80
0x00007f1535f48e30:   00007f1530157190 00007f1500000001
0x00007f1535f48e40:   00007f15301394e0 00007f154c12cb80
0x00007f1535f48e50:   00007f1584562060 2861167a3dda5300
0x00007f1535f48e60:   0000000000000000 00007f1530157190
0x00007f1535f48e70:   0000000000000001 00007f1558069010 

Instructions: (pc=0x00007f1582c10823)
0x00007f1582c10803:   48 81 ec 88 00 00 00 48 89 bd 60 ff ff ff 4c 8b
0x00007f1582c10813:   17 64 48 8b 1c 25 28 00 00 00 48 89 5d c8 31 db
0x00007f1582c10823:   49 8b 1a 49 89 d9 41 83 e1 07 49 83 f9 05 74 3d
0x00007f1582c10833:   48 8b 09 b8 01 00 00 00 48 8b 11 83 e2 07 48 83 

Register to memory mapping:

RAX=0x00007f15837042c8: <offset 0xde62c8> in /usr/lib/jvm/java-7-openjdk-amd64/jre/lib/amd64/server/libjvm.so at 0x00007f158291e000
RBX=0x0000000000000000 is an unknown value
RCX=0x00007f1558067df0 is an unknown value
RDX=0x00007f15580c5800 is a thread
RSP=0x00007f1535f48c80 is pointing into the stack for thread: 0x00007f15580c5800
RBP=0x00007f1535f48d30 is pointing into the stack for thread: 0x00007f15580c5800
RSI=0x0000000000000000 is an unknown value
RDI=0x00007f1558067df0 is an unknown value
R8 =0x0000000000000000 is an unknown value
R9 =0xffffffff00000000 is an unknown value
R10=0x0000000000000001 is an unknown value
R11=0x0000000000000246 is an unknown value
R12=0x00007f1558067df0 is an unknown value
R13=0x00007f15580c5800 is a thread
R14=0x000000007fffffff is an unknown value
R15=0x00007f153e01bcb0: <offset 0x57cb0> in /usr/lib/x86_64-linux-gnu/libgdk-x11-2.0.so.0 at 0x00007f153dfc4000


Stack: [0x00007f1535749000,0x00007f1535f4a000],  sp=0x00007f1535f48c80,  free space=8191k
Native frames: (J=compiled Java code, j=interpreted, Vv=VM code, C=native code)
V  [libjvm.so+0x2f2823]  BiasedLocking::revoke_and_rebias(Handle, bool, Thread*)+0x33
V  [libjvm.so+0x907aba]  ObjectSynchronizer::jni_enter(Handle, Thread*)+0x5a
V  [libjvm.so+0x618353]  jni_MonitorEnter+0xc3
C  [libatk-wrapper.so.1.2.22+0x4901]  jni_threads_lock+0x32


---------------  P R O C E S S  ---------------

Java Threads: ( => current thread )
  0x00007f15307ec000 JavaThread "Inactive RequestProcessor thread [Was:On Start/Stop/org.netbeans.modules.i18n.form.I18nFormCrossModule]" daemon [_thread_blocked, id=19051, stack(0x00007f15340ea000,0x00007f15342eb000)]
  0x00007f15307eb000 JavaThread "Inactive RequestProcessor thread [Was:Default RequestProcessor/org.netbeans.core.CoreBridgeImpl$1]" daemon [_thread_blocked, id=19050, stack(0x00007f15342eb000,0x00007f15344ec000)]
  0x00007f1531588000 JavaThread "On Start/Stop" daemon [_thread_in_vm, id=19049, stack(0x00007f15344ec000,0x00007f15346ed000)]
  0x00007f1531587000 JavaThread "Inactive RequestProcessor thread [Was:On Start/Stop/org.netbeans.core.impl.InitUI]" daemon [_thread_blocked, id=19048, stack(0x00007f15346ed000,0x00007f15348ee000)]
  0x00007f1530b3b800 JavaThread "On Start/Stop" daemon [_thread_in_vm, id=19047, stack(0x00007f15348ee000,0x00007f1534aef000)]
  0x0000000000a1f000 JavaThread "Inactive RequestProcessor thread [Was:On Start/Stop/org.netbeans.modules.projectapi.Installer]" daemon [_thread_blocked, id=19046, stack(0x00007f1534aef000,0x00007f1534cf0000)]
  0x00007f1531763000 JavaThread "Bundle File Closer" daemon [_thread_blocked, id=19045, stack(0x00007f1534cf0000,0x00007f1534ef1000)]
  0x00007f1531196800 JavaThread "Framework Event Dispatcher" daemon [_thread_blocked, id=19044, stack(0x00007f1534ef1000,0x00007f15350f2000)]
  0x00007f153102c800 JavaThread "State Saver" [_thread_blocked, id=19043, stack(0x00007f15350f2000,0x00007f15352f3000)]
  0x00007f1530d21800 JavaThread "Framework Active Thread" [_thread_blocked, id=19042, stack(0x00007f15352f3000,0x00007f15354f4000)]
=>0x00007f15580c5800 JavaThread "Thread-1" [_thread_in_vm, id=19041, stack(0x00007f1535749000,0x00007f1535f4a000)]
  0x00007f1530101800 JavaThread "AWT-EventQueue-1" [_thread_in_native, id=19040, stack(0x00007f15365ba000,0x00007f15367bb000)]
  0x00007f15300fb800 JavaThread "AWT-EventQueue-0" [_thread_blocked, id=19039, stack(0x00007f15367bb000,0x00007f15369bc000)]
  0x00007f15300fa000 JavaThread "AWT-Shutdown" [_thread_blocked, id=19038, stack(0x00007f15369bc000,0x00007f1536bbd000)]
  0x00007f15300d8800 JavaThread "process reaper" daemon [_thread_blocked, id=19037, stack(0x00007f157800d000,0x00007f1578046000)]
  0x00007f15300d1000 JavaThread "AWT-XAWT" daemon [_thread_in_native, id=19035, stack(0x00007f153ed1c000,0x00007f153ef1d000)]
  0x00007f15300b3000 JavaThread "Java2D Disposer" daemon [_thread_blocked, id=19034, stack(0x00007f153f32e000,0x00007f153f52f000)]
  0x00007f153006d800 JavaThread "RequestProcessor queue manager" daemon [_thread_blocked, id=19033, stack(0x00007f153f52f000,0x00007f153f730000)]
  0x00007f157c207800 JavaThread "main" [_thread_blocked, id=19032, stack(0x00007f153f730000,0x00007f153f931000)]
  0x00007f157c202800 JavaThread "Netigso Events" daemon [_thread_blocked, id=19031, stack(0x00007f153f931000,0x00007f153fb32000)]
  0x00007f157c1cf000 JavaThread "CLI Requests Server" daemon [_thread_in_native, id=19030, stack(0x00007f15680c6000,0x00007f15682c7000)]
  0x00007f157c1a4800 JavaThread "Active Reference Queue Daemon" daemon [_thread_blocked, id=19029, stack(0x00007f15682c7000,0x00007f15684c8000)]
  0x00007f157c0a9800 JavaThread "Service Thread" daemon [_thread_blocked, id=19027, stack(0x00007f1578572000,0x00007f1578773000)]
  0x00007f157c0a7000 JavaThread "C2 CompilerThread1" daemon [_thread_in_vm, id=19026, stack(0x00007f1578773000,0x00007f1578874000)]
  0x00007f157c0a4800 JavaThread "C2 CompilerThread0" daemon [_thread_in_native, id=19025, stack(0x00007f158003b000,0x00007f158013c000)]
  0x00007f157c0a2000 JavaThread "Signal Dispatcher" daemon [_thread_blocked, id=19024, stack(0x00007f1578874000,0x00007f1578a75000)]
  0x00007f157c077000 JavaThread "Finalizer" daemon [_thread_blocked, id=19023, stack(0x00007f1578bfe000,0x00007f1578dff000)]
  0x00007f157c075000 JavaThread "Reference Handler" daemon [_thread_blocked, id=19022, stack(0x00007f1578dff000,0x00007f1579000000)]
  0x00007f157c009800 JavaThread "main" [_thread_blocked, id=19018, stack(0x00007f1581e8b000,0x00007f158208c000)]

Other Threads:
  0x00007f157c070800 VMThread [stack: 0x00007f158013c000,0x00007f158023d000] [id=19021]
  0x00007f157c0b4000 WatcherThread [stack: 0x00007f1578471000,0x00007f1578572000] [id=19028]

VM state:not at safepoint (normal execution)

VM Mutex/Monitor currently owned by a thread:  ([mutex/lock_event])
[0x00007f157c007eb0] Threads_lock - owner thread: 0x00007f1531588000
[0x00007f157c008a30] MethodCompileQueue_lock - owner thread: 0x00007f157c0a7000

Heap
 PSYoungGen      total 153600K, used 28714K [0x00000000ef900000, 0x00000000fee00000, 0x0000000100000000)
  eden space 144384K, 19% used [0x00000000ef900000,0x00000000f150ab50,0x00000000f8600000)
  from space 9216K, 0% used [0x00000000f8600000,0x00000000f8600000,0x00000000f8f00000)
  to   space 9728K, 0% used [0x00000000fe480000,0x00000000fe480000,0x00000000fee00000)
 ParOldGen       total 35328K, used 15971K [0x00000000cec00000, 0x00000000d0e80000, 0x00000000ef900000)
  object space 35328K, 45% used [0x00000000cec00000,0x00000000cfb98f58,0x00000000d0e80000)
 PSPermGen       total 40960K, used 22363K [0x00000000b6c00000, 0x00000000b9400000, 0x00000000cec00000)
  object space 40960K, 54% used [0x00000000b6c00000,0x00000000b81d6de0,0x00000000b9400000)

Card table byte_map: [0x00007f15813f0000,0x00007f158163b000] byte_map_base: 0x00007f1580e3a000

Polling page: 0x00007f158455e000

Code Cache  [0x00007f1579000000, 0x00007f1579330000, 0x00007f157c000000)
 total_blobs=1224 nmethods=723 adapters=454 free_code_cache=46139Kb largest_free_block=47033920

Compilation events (10 events):
Event: 7.858 Thread 0x00007f157c0a7000 nmethod 806 0x00007f1579136910 code [0x00007f1579136a40, 0x00007f1579136a98]
Event: 7.881 Thread 0x00007f157c0a7000  807             java.util.logging.Logger::isLoggable (25 bytes)
Event: 7.882 Thread 0x00007f157c0a7000 nmethod 807 0x00007f15791fe2d0 code [0x00007f15791fe420, 0x00007f15791fe4b8]
Event: 7.893 Thread 0x00007f157c0a7000  808             org.openide.filesystems.MultiFileObject::update (315 bytes)
Event: 7.971 Thread 0x00007f157c0a7000 

Event: 7.972 Thread 0x00007f157c0a7000  809             org.openide.filesystems.MultiFileObject::list (272 bytes)
Event: 8.033 Thread 0x00007f157c0a4800 nmethod 805 0x00007f157931c290 code [0x00007f157931c700, 0x00007f157931f9b8]
Event: 8.033 Thread 0x00007f157c0a4800  810             java.lang.String::<init> (15 bytes)
Event: 8.034 Thread 0x00007f157c0a4800 nmethod 810 0x00007f15790f9890 code [0x00007f15790f99c0, 0x00007f15790f9a38]
Event: 8.034 Thread 0x00007f157c0a4800  811   !         org.openide.filesystems.AbstractFolder::find (79 bytes)

GC Heap History (10 events):
Event: 3.212 GC heap before
{Heap before GC invocations=6 (full 0):
 PSYoungGen      total 37888K, used 37856K [0x00000000ef900000, 0x00000000f4800000, 0x0000000100000000)
  eden space 36864K, 100% used [0x00000000ef900000,0x00000000f1d00000,0x00000000f1d00000)
  from space 1024K, 96% used [0x00000000f1d00000,0x00000000f1df8020,0x00000000f1e00000)
  to   space 3584K, 0% used [0x00000000f4480000,0x00000000f4480000,0x00000000f4800000)
 ParOldGen       total 22016K, used 6815K [0x00000000cec00000, 0x00000000d0180000, 0x00000000ef900000)
  object space 22016K, 30% used [0x00000000cec00000,0x00000000cf2a7dd8,0x00000000d0180000)
 PSPermGen       total 32768K, used 16664K [0x00000000b6c00000, 0x00000000b8c00000, 0x00000000cec00000)
  object space 32768K, 50% used [0x00000000b6c00000,0x00000000b7c46398,0x00000000b8c00000)
Event: 3.224 GC heap after
Heap after GC invocations=6 (full 0):
 PSYoungGen      total 77312K, used 2528K [0x00000000ef900000, 0x00000000f4800000, 0x0000000100000000)
  eden space 73728K, 0% used [0x00000000ef900000,0x00000000ef900000,0x00000000f4100000)
  from space 3584K, 70% used [0x00000000f4480000,0x00000000f46f8020,0x00000000f4800000)
  to   space 3584K, 0% used [0x00000000f4100000,0x00000000f4100000,0x00000000f4480000)
 ParOldGen       total 22016K, used 6815K [0x00000000cec00000, 0x00000000d0180000, 0x00000000ef900000)
  object space 22016K, 30% used [0x00000000cec00000,0x00000000cf2a7dd8,0x00000000d0180000)
 PSPermGen       total 32768K, used 16664K [0x00000000b6c00000, 0x00000000b8c00000, 0x00000000cec00000)
  object space 32768K, 50% used [0x00000000b6c00000,0x00000000b7c46398,0x00000000b8c00000)
}
Event: 4.138 GC heap before
{Heap before GC invocations=7 (full 0):
 PSYoungGen      total 77312K, used 76256K [0x00000000ef900000, 0x00000000f4800000, 0x0000000100000000)
  eden space 73728K, 100% used [0x00000000ef900000,0x00000000f4100000,0x00000000f4100000)
  from space 3584K, 70% used [0x00000000f4480000,0x00000000f46f8020,0x00000000f4800000)
  to   space 3584K, 0% used [0x00000000f4100000,0x00000000f4100000,0x00000000f4480000)
 ParOldGen       total 22016K, used 6815K [0x00000000cec00000, 0x00000000d0180000, 0x00000000ef900000)
  object space 22016K, 30% used [0x00000000cec00000,0x00000000cf2a7dd8,0x00000000d0180000)
 PSPermGen       total 32768K, used 19774K [0x00000000b6c00000, 0x00000000b8c00000, 0x00000000cec00000)
  object space 32768K, 60% used [0x00000000b6c00000,0x00000000b7f4f9f8,0x00000000b8c00000)
Event: 4.161 GC heap after
Heap after GC invocations=7 (full 0):
 PSYoungGen      total 77312K, used 3581K [0x00000000ef900000, 0x00000000f9500000, 0x0000000100000000)
  eden space 73728K, 0% used [0x00000000ef900000,0x00000000ef900000,0x00000000f4100000)
  from space 3584K, 99% used [0x00000000f4100000,0x00000000f447f6c0,0x00000000f4480000)
  to   space 6144K, 0% used [0x00000000f8f00000,0x00000000f8f00000,0x00000000f9500000)
 ParOldGen       total 22016K, used 11112K [0x00000000cec00000, 0x00000000d0180000, 0x00000000ef900000)
  object space 22016K, 50% used [0x00000000cec00000,0x00000000cf6da008,0x00000000d0180000)
 PSPermGen       total 32768K, used 19774K [0x00000000b6c00000, 0x00000000b8c00000, 0x00000000cec00000)
  object space 32768K, 60% used [0x00000000b6c00000,0x00000000b7f4f9f8,0x00000000b8c00000)
}
Event: 5.499 GC heap before
{Heap before GC invocations=8 (full 0):
 PSYoungGen      total 77312K, used 77309K [0x00000000ef900000, 0x00000000f9500000, 0x0000000100000000)
  eden space 73728K, 100% used [0x00000000ef900000,0x00000000f4100000,0x00000000f4100000)
  from space 3584K, 99% used [0x00000000f4100000,0x00000000f447f6c0,0x00000000f4480000)
  to   space 6144K, 0% used [0x00000000f8f00000,0x00000000f8f00000,0x00000000f9500000)
 ParOldGen       total 22016K, used 11112K [0x00000000cec00000, 0x00000000d0180000, 0x00000000ef900000)
  object space 22016K, 50% used [0x00000000cec00000,0x00000000cf6da008,0x00000000d0180000)
 PSPermGen       total 32768K, used 20097K [0x00000000b6c00000, 0x00000000b8c00000, 0x00000000cec00000)
  object space 32768K, 61% used [0x00000000b6c00000,0x00000000b7fa0478,0x00000000b8c00000)
Event: 5.522 GC heap after
Heap after GC invocations=8 (full 0):
 PSYoungGen      total 150528K, used 6118K [0x00000000ef900000, 0x00000000f9b00000, 0x0000000100000000)
  eden space 144384K, 0% used [0x00000000ef900000,0x00000000ef900000,0x00000000f8600000)
  from space 6144K, 99% used [0x00000000f8f00000,0x00000000f94f9af8,0x00000000f9500000)
  to   space 9216K, 0% used [0x00000000f8600000,0x00000000f8600000,0x00000000f8f00000)
 ParOldGen       total 22016K, used 16394K [0x00000000cec00000, 0x00000000d0180000, 0x00000000ef900000)
  object space 22016K, 74% used [0x00000000cec00000,0x00000000cfc02920,0x00000000d0180000)
 PSPermGen       total 32768K, used 20097K [0x00000000b6c00000, 0x00000000b8c00000, 0x00000000cec00000)
  object space 32768K, 61% used [0x00000000b6c00000,0x00000000b7fa0478,0x00000000b8c00000)
}
Event: 7.633 GC heap before
{Heap before GC invocations=9 (full 0):
 PSYoungGen      total 150528K, used 150502K [0x00000000ef900000, 0x00000000f9b00000, 0x0000000100000000)
  eden space 144384K, 100% used [0x00000000ef900000,0x00000000f8600000,0x00000000f8600000)
  from space 6144K, 99% used [0x00000000f8f00000,0x00000000f94f9af8,0x00000000f9500000)
  to   space 9216K, 0% used [0x00000000f8600000,0x00000000f8600000,0x00000000f8f00000)
 ParOldGen       total 22016K, used 16394K [0x00000000cec00000, 0x00000000d0180000, 0x00000000ef900000)
  object space 22016K, 74% used [0x00000000cec00000,0x00000000cfc02920,0x00000000d0180000)
 PSPermGen       total 32768K, used 20261K [0x00000000b6c00000, 0x00000000b8c00000, 0x00000000cec00000)
  object space 32768K, 61% used [0x00000000b6c00000,0x00000000b7fc9768,0x00000000b8c00000)
Event: 7.644 GC heap after
Heap after GC invocations=9 (full 0):
 PSYoungGen      total 153600K, used 6900K [0x00000000ef900000, 0x00000000fee00000, 0x0000000100000000)
  eden space 144384K, 0% used [0x00000000ef900000,0x00000000ef900000,0x00000000f8600000)
  from space 9216K, 74% used [0x00000000f8600000,0x00000000f8cbd0c0,0x00000000f8f00000)
  to   space 9728K, 0% used [0x00000000fe480000,0x00000000fe480000,0x00000000fee00000)
 ParOldGen       total 22016K, used 17314K [0x00000000cec00000, 0x00000000d0180000, 0x00000000ef900000)
  object space 22016K, 78% used [0x00000000cec00000,0x00000000cfce8920,0x00000000d0180000)
 PSPermGen       total 32768K, used 20261K [0x00000000b6c00000, 0x00000000b8c00000, 0x00000000cec00000)
  object space 32768K, 61% used [0x00000000b6c00000,0x00000000b7fc9768,0x00000000b8c00000)
}
Event: 7.644 GC heap before
{Heap before GC invocations=10 (full 1):
 PSYoungGen      total 153600K, used 6900K [0x00000000ef900000, 0x00000000fee00000, 0x0000000100000000)
  eden space 144384K, 0% used [0x00000000ef900000,0x00000000ef900000,0x00000000f8600000)
  from space 9216K, 74% used [0x00000000f8600000,0x00000000f8cbd0c0,0x00000000f8f00000)
  to   space 9728K, 0% used [0x00000000fe480000,0x00000000fe480000,0x00000000fee00000)
 ParOldGen       total 22016K, used 17314K [0x00000000cec00000, 0x00000000d0180000, 0x00000000ef900000)
  object space 22016K, 78% used [0x00000000cec00000,0x00000000cfce8920,0x00000000d0180000)
 PSPermGen       total 32768K, used 20261K [0x00000000b6c00000, 0x00000000b8c00000, 0x00000000cec00000)
  object space 32768K, 61% used [0x00000000b6c00000,0x00000000b7fc9768,0x00000000b8c00000)
Event: 7.787 GC heap after
Heap after GC invocations=10 (full 1):
 PSYoungGen      total 153600K, used 0K [0x00000000ef900000, 0x00000000fee00000, 0x0000000100000000)
  eden space 144384K, 0% used [0x00000000ef900000,0x00000000ef900000,0x00000000f8600000)
  from space 9216K, 0% used [0x00000000f8600000,0x00000000f8600000,0x00000000f8f00000)
  to   space 9728K, 0% used [0x00000000fe480000,0x00000000fe480000,0x00000000fee00000)
 ParOldGen       total 35328K, used 15971K [0x00000000cec00000, 0x00000000d0e80000, 0x00000000ef900000)
  object space 35328K, 45% used [0x00000000cec00000,0x00000000cfb98f58,0x00000000d0e80000)
 PSPermGen       total 40960K, used 20255K [0x00000000b6c00000, 0x00000000b9400000, 0x00000000cec00000)
  object space 40960K, 49% used [0x00000000b6c00000,0x00000000b7fc7d90,0x00000000b9400000)
}

Deoptimization events (10 events):
Event: 7.932 Thread 0x00007f1531588000 Uncommon trap: reason=class_check action=maybe_recompile pc=0x00007f157908fbc8 method=java.util.regex.Matcher.search(I)Z @ 86
Event: 7.953 Thread 0x00007f1530b3b800 Uncommon trap: reason=bimorphic action=maybe_recompile pc=0x00007f15790ef0dc method=java.util.HashMap.<init>(IF)V @ 115
Event: 7.954 Thread 0x00007f1530b3b800 Uncommon trap: reason=class_check action=maybe_recompile pc=0x00007f1579293bf0 method=org.openide.filesystems.MultiFileSystem.writableLayer(Ljava/lang/String;)Lorg/openide/filesystems/FileSystem; @ 36
Event: 7.961 Thread 0x00007f1530b3b800 Uncommon trap: reason=class_check action=maybe_recompile pc=0x00007f157906c2dc method=java.lang.String.equals(Ljava/lang/Object;)Z @ 8
Event: 7.984 Thread 0x00007f1531588000 Uncommon trap: reason=class_check action=maybe_recompile pc=0x00007f157906c2dc method=java.lang.String.equals(Ljava/lang/Object;)Z @ 8
Event: 7.984 Thread 0x00007f1531588000 Uncommon trap: reason=class_check action=maybe_recompile pc=0x00007f157906c2dc method=java.lang.String.equals(Ljava/lang/Object;)Z @ 8
Event: 7.993 Thread 0x00007f1531588000 Uncommon trap: reason=class_check action=maybe_recompile pc=0x00007f1579271760 method=java.io.DataOutputStream.write([BII)V @ 7
Event: 8.017 Thread 0x00007f1531588000 Uncommon trap: reason=class_check action=maybe_recompile pc=0x00007f1579271760 method=java.io.DataOutputStream.write([BII)V @ 7
Event: 8.017 Thread 0x00007f1531588000 Uncommon trap: reason=class_check action=maybe_recompile pc=0x00007f1579271760 method=java.io.DataOutputStream.write([BII)V @ 7
Event: 8.017 Thread 0x00007f1531588000 Uncommon trap: reason=class_check action=maybe_recompile pc=0x00007f1579271760 method=java.io.DataOutputStream.write([BII)V @ 7

Internal exceptions (10 events):
Event: 8.008 Thread 0x00007f157c207800 Threw 0x00000000f114dff8 at /build/openjdk-7-1Vhfz6/openjdk-7-7u85-2.6.1/build/openjdk/hotspot/src/share/vm/prims/jvm.cpp:1322
Event: 8.008 Thread 0x00007f157c207800 Threw 0x00000000f114ede0 at /build/openjdk-7-1Vhfz6/openjdk-7-7u85-2.6.1/build/openjdk/hotspot/src/share/vm/prims/jvm.cpp:1322
Event: 8.038 Thread 0x00007f157c207800 Threw 0x00000000f1168888 at /build/openjdk-7-1Vhfz6/openjdk-7-7u85-2.6.1/build/openjdk/hotspot/src/share/vm/prims/jvm.cpp:1322
Event: 8.038 Thread 0x00007f157c207800 Threw 0x00000000f1169858 at /build/openjdk-7-1Vhfz6/openjdk-7-7u85-2.6.1/build/openjdk/hotspot/src/share/vm/prims/jvm.cpp:1322
Event: 8.040 Thread 0x00007f157c207800 Threw 0x00000000f117ba50 at /build/openjdk-7-1Vhfz6/openjdk-7-7u85-2.6.1/build/openjdk/hotspot/src/share/vm/prims/jvm.cpp:1322
Event: 8.040 Thread 0x00007f157c207800 Threw 0x00000000f117c8d8 at /build/openjdk-7-1Vhfz6/openjdk-7-7u85-2.6.1/build/openjdk/hotspot/src/share/vm/prims/jvm.cpp:1322
Event: 8.042 Thread 0x00007f157c207800 Threw 0x00000000f11809a0 at /build/openjdk-7-1Vhfz6/openjdk-7-7u85-2.6.1/build/openjdk/hotspot/src/share/vm/prims/jvm.cpp:1322
Event: 8.042 Thread 0x00007f157c207800 Threw 0x00000000f1181788 at /build/openjdk-7-1Vhfz6/openjdk-7-7u85-2.6.1/build/openjdk/hotspot/src/share/vm/prims/jvm.cpp:1322
Event: 8.049 Thread 0x00007f1531588000 Threw 0x00000000f1486448 at /build/openjdk-7-1Vhfz6/openjdk-7-7u85-2.6.1/build/openjdk/hotspot/src/share/vm/prims/jvm.cpp:1322
Event: 8.049 Thread 0x00007f1531588000 Threw 0x00000000f1487358 at /build/openjdk-7-1Vhfz6/openjdk-7-7u85-2.6.1/build/openjdk/hotspot/src/share/vm/prims/jvm.cpp:1322

Events (10 events):
Event: 8.042 loading class 0x00007f153058ed50
Event: 8.042 loading class 0x00007f153058ed50 done
Event: 8.043 loading class 0x00007f1580e25fd0
Event: 8.043 loading class 0x00007f1580e25fd0 done
Event: 8.045 Executing VM operation: Deoptimize
Event: 8.047 Executing VM operation: Deoptimize done
Event: 8.049 loading class 0x00007f153036bcc0
Event: 8.049 loading class 0x00007f153036bcc0 done
Event: 8.049 Executing VM operation: Deoptimize
Event: 8.049 Executing VM operation: Deoptimize done


Dynamic libraries:
00400000-00401000 r-xp 00000000 fe:01 26479046                           /usr/lib/jvm/java-7-openjdk-amd64/jre/bin/java
00600000-00601000 r--p 00000000 fe:01 26479046                           /usr/lib/jvm/java-7-openjdk-amd64/jre/bin/java
00601000-00602000 rw-p 00001000 fe:01 26479046                           /usr/lib/jvm/java-7-openjdk-amd64/jre/bin/java
00a09000-00a5d000 rw-p 00000000 00:00 0                                  [heap]
b6c00000-b9400000 rw-p 00000000 00:00 0 
b9400000-cec00000 rw-p 00000000 00:00 0 
cec00000-d0e80000 rw-p 00000000 00:00 0 
d0e80000-ef900000 rw-p 00000000 00:00 0 
ef900000-fee00000 rw-p 00000000 00:00 0 
fee00000-100000000 rw-p 00000000 00:00 0 
7f152f395000-7f152f596000 rw-p 00000000 00:00 0                          [stack:19052]
7f152f596000-7f152f9d2000 r-xp 00000000 fe:01 24132938                   /usr/lib/x86_64-linux-gnu/libgtk-x11-2.0.so.0.2400.28
7f152f9d2000-7f152fbd2000 ---p 0043c000 fe:01 24132938                   /usr/lib/x86_64-linux-gnu/libgtk-x11-2.0.so.0.2400.28
7f152fbd2000-7f152fbd9000 r--p 0043c000 fe:01 24132938                   /usr/lib/x86_64-linux-gnu/libgtk-x11-2.0.so.0.2400.28
7f152fbd9000-7f152fbdd000 rw-p 00443000 fe:01 24132938                   /usr/lib/x86_64-linux-gnu/libgtk-x11-2.0.so.0.2400.28
7f152fbdd000-7f152fbe0000 rw-p 00000000 00:00 0 
7f152fbe0000-7f152fbeb000 r-xp 00000000 fe:01 26479471                   /usr/lib/jvm/java-7-openjdk-amd64/jre/lib/amd64/libjavagtk.so
7f152fbeb000-7f152fdea000 ---p 0000b000 fe:01 26479471                   /usr/lib/jvm/java-7-openjdk-amd64/jre/lib/amd64/libjavagtk.so
7f152fdea000-7f152fdeb000 r--p 0000a000 fe:01 26479471                   /usr/lib/jvm/java-7-openjdk-amd64/jre/lib/amd64/libjavagtk.so
7f152fdeb000-7f152fdec000 rw-p 0000b000 fe:01 26479471                   /usr/lib/jvm/java-7-openjdk-amd64/jre/lib/amd64/libjavagtk.so
7f152fdec000-7f152fdff000 r-xp 00000000 fe:01 27667481                   /usr/lib/x86_64-linux-gnu/jni/libjnidispatch.so
7f152fdff000-7f152fffe000 ---p 00013000 fe:01 27667481                   /usr/lib/x86_64-linux-gnu/jni/libjnidispatch.so
7f152fffe000-7f152ffff000 r--p 00012000 fe:01 27667481                   /usr/lib/x86_64-linux-gnu/jni/libjnidispatch.so
7f152ffff000-7f1530000000 rw-p 00013000 fe:01 27667481                   /usr/lib/x86_64-linux-gnu/jni/libjnidispatch.so
7f1530000000-7f1531848000 rw-p 00000000 00:00 0 
7f1531848000-7f1534000000 ---p 00000000 00:00 0 
7f15340ea000-7f15340ed000 ---p 00000000 00:00 0 
7f15340ed000-7f15342eb000 rw-p 00000000 00:00 0                          [stack:19051]
7f15342eb000-7f15342ee000 ---p 00000000 00:00 0 
7f15342ee000-7f15344ec000 rw-p 00000000 00:00 0                          [stack:19050]
7f15344ec000-7f15344ef000 ---p 00000000 00:00 0 
7f15344ef000-7f15346ed000 rw-p 00000000 00:00 0                          [stack:19049]
7f15346ed000-7f15346f0000 ---p 00000000 00:00 0 
7f15346f0000-7f15348ee000 rw-p 00000000 00:00 0                          [stack:19048]
7f15348ee000-7f15348f1000 ---p 00000000 00:00 0 
7f15348f1000-7f1534aef000 rw-p 00000000 00:00 0                          [stack:19047]
7f1534aef000-7f1534af2000 ---p 00000000 00:00 0 
7f1534af2000-7f1534cf0000 rw-p 00000000 00:00 0                          [stack:19046]
7f1534cf0000-7f1534cf3000 ---p 00000000 00:00 0 
7f1534cf3000-7f1534ef1000 rw-p 00000000 00:00 0                          [stack:19045]
7f1534ef1000-7f1534ef4000 ---p 00000000 00:00 0 
7f1534ef4000-7f15350f2000 rw-p 00000000 00:00 0                          [stack:19044]
7f15350f2000-7f15350f5000 ---p 00000000 00:00 0 
7f15350f5000-7f15352f3000 rw-p 00000000 00:00 0                          [stack:19043]
7f15352f3000-7f15352f6000 ---p 00000000 00:00 0 
7f15352f6000-7f15354f4000 rw-p 00000000 00:00 0                          [stack:19042]
7f15354f4000-7f1535546000 r-xp 00000000 fe:01 26479111                   /usr/lib/jvm/java-7-openjdk-amd64/jre/lib/amd64/libfontmanager.so
7f1535546000-7f1535746000 ---p 00052000 fe:01 26479111                   /usr/lib/jvm/java-7-openjdk-amd64/jre/lib/amd64/libfontmanager.so
7f1535746000-7f1535748000 r--p 00052000 fe:01 26479111                   /usr/lib/jvm/java-7-openjdk-amd64/jre/lib/amd64/libfontmanager.so
7f1535748000-7f1535749000 rw-p 00054000 fe:01 26479111                   /usr/lib/jvm/java-7-openjdk-amd64/jre/lib/amd64/libfontmanager.so
7f1535749000-7f153574c000 ---p 00000000 00:00 0 
7f153574c000-7f1535f4a000 rw-p 00000000 00:00 0                          [stack:19041]
7f1535f4a000-7f1535f52000 r-xp 00000000 fe:01 24125542                   /usr/lib/x86_64-linux-gnu/libgif.so.4.1.6
7f1535f52000-7f1536151000 ---p 00008000 fe:01 24125542                   /usr/lib/x86_64-linux-gnu/libgif.so.4.1.6
7f1536151000-7f1536152000 r--p 00007000 fe:01 24125542                   /usr/lib/x86_64-linux-gnu/libgif.so.4.1.6
7f1536152000-7f1536153000 rw-p 00008000 fe:01 24125542                   /usr/lib/x86_64-linux-gnu/libgif.so.4.1.6
7f1536153000-7f15361ab000 r-xp 00000000 fe:01 24121100                   /usr/lib/x86_64-linux-gnu/libjpeg.so.62.1.0
7f15361ab000-7f15363aa000 ---p 00058000 fe:01 24121100                   /usr/lib/x86_64-linux-gnu/libjpeg.so.62.1.0
7f15363aa000-7f15363ab000 r--p 00057000 fe:01 24121100                   /usr/lib/x86_64-linux-gnu/libjpeg.so.62.1.0
7f15363ab000-7f15363ac000 rw-p 00058000 fe:01 24121100                   /usr/lib/x86_64-linux-gnu/libjpeg.so.62.1.0
7f15363ac000-7f15363b6000 r-xp 00000000 fe:01 26479473                   /usr/lib/jvm/java-7-openjdk-amd64/jre/lib/amd64/libsplashscreen.so
7f15363b6000-7f15365b5000 ---p 0000a000 fe:01 26479473                   /usr/lib/jvm/java-7-openjdk-amd64/jre/lib/amd64/libsplashscreen.so
7f15365b5000-7f15365b6000 r--p 00009000 fe:01 26479473                   /usr/lib/jvm/java-7-openjdk-amd64/jre/lib/amd64/libsplashscreen.so
7f15365b6000-7f15365b7000 rw-p 0000a000 fe:01 26479473                   /usr/lib/jvm/java-7-openjdk-amd64/jre/lib/amd64/libsplashscreen.so
7f15365b7000-7f15365ba000 rw-p 00000000 00:00 0 
7f15365ba000-7f15365bd000 ---p 00000000 00:00 0 
7f15365bd000-7f15367bb000 rw-p 00000000 00:00 0                          [stack:19040]
7f15367bb000-7f15367be000 ---p 00000000 00:00 0 
7f15367be000-7f15369bc000 rw-p 00000000 00:00 0                          [stack:19039]
7f15369bc000-7f15369bf000 ---p 00000000 00:00 0 
7f15369bf000-7f1536bbd000 rw-p 00000000 00:00 0                          [stack:19038]
7f1536bbd000-7f1536bd7000 r-xp 00000000 fe:01 24124377                   /usr/lib/x86_64-linux-gnu/libgraphite2.so.3.0.1
7f1536bd7000-7f1536dd6000 ---p 0001a000 fe:01 24124377                   /usr/lib/x86_64-linux-gnu/libgraphite2.so.3.0.1
7f1536dd6000-7f1536dd8000 r--p 00019000 fe:01 24124377                   /usr/lib/x86_64-linux-gnu/libgraphite2.so.3.0.1
7f1536dd8000-7f1536dd9000 rw-p 0001b000 fe:01 24124377                   /usr/lib/x86_64-linux-gnu/libgraphite2.so.3.0.1
7f1536dd9000-7f1536ddf000 r-xp 00000000 fe:01 24124371                   /usr/lib/x86_64-linux-gnu/libdatrie.so.1.3.2
7f1536ddf000-7f1536fdf000 ---p 00006000 fe:01 24124371                   /usr/lib/x86_64-linux-gnu/libdatrie.so.1.3.2
7f1536fdf000-7f1536fe0000 r--p 00006000 fe:01 24124371                   /usr/lib/x86_64-linux-gnu/libdatrie.so.1.3.2
7f1536fe0000-7f1536fe1000 rw-p 00007000 fe:01 24124371                   /usr/lib/x86_64-linux-gnu/libdatrie.so.1.3.2
7f1536fe1000-7f153703e000 r-xp 00000000 fe:01 24124689                   /usr/lib/x86_64-linux-gnu/libharfbuzz.so.0.10000.1
7f153703e000-7f153723e000 ---p 0005d000 fe:01 24124689                   /usr/lib/x86_64-linux-gnu/libharfbuzz.so.0.10000.1
7f153723e000-7f153723f000 r--p 0005d000 fe:01 24124689                   /usr/lib/x86_64-linux-gnu/libharfbuzz.so.0.10000.1
7f153723f000-7f1537240000 rw-p 0005e000 fe:01 24124689                   /usr/lib/x86_64-linux-gnu/libharfbuzz.so.0.10000.1
7f1537240000-7f1537249000 r-xp 00000000 fe:01 24124341                   /usr/lib/x86_64-linux-gnu/libxcb-render.so.0.0.0
7f1537249000-7f1537448000 ---p 00009000 fe:01 24124341                   /usr/lib/x86_64-linux-gnu/libxcb-render.so.0.0.0
7f1537448000-7f1537449000 r--p 00008000 fe:01 24124341                   /usr/lib/x86_64-linux-gnu/libxcb-render.so.0.0.0
7f1537449000-7f153744a000 rw-p 00009000 fe:01 24124341                   /usr/lib/x86_64-linux-gnu/libxcb-render.so.0.0.0
7f153744a000-7f153744c000 r-xp 00000000 fe:01 24124343                   /usr/lib/x86_64-linux-gnu/libxcb-shm.so.0.0.0
7f153744c000-7f153764c000 ---p 00002000 fe:01 24124343                   /usr/lib/x86_64-linux-gnu/libxcb-shm.so.0.0.0
7f153764c000-7f153764d000 r--p 00002000 fe:01 24124343                   /usr/lib/x86_64-linux-gnu/libxcb-shm.so.0.0.0
7f153764d000-7f153764e000 rw-p 00003000 fe:01 24124343                   /usr/lib/x86_64-linux-gnu/libxcb-shm.so.0.0.0
7f153764e000-7f15376f3000 r-xp 00000000 fe:01 24124339                   /usr/lib/x86_64-linux-gnu/libpixman-1.so.0.32.6
7f15376f3000-7f15378f2000 ---p 000a5000 fe:01 24124339                   /usr/lib/x86_64-linux-gnu/libpixman-1.so.0.32.6
7f15378f2000-7f15378fa000 r--p 000a4000 fe:01 24124339                   /usr/lib/x86_64-linux-gnu/libpixman-1.so.0.32.6
7f15378fa000-7f15378fb000 rw-p 000ac000 fe:01 24124339                   /usr/lib/x86_64-linux-gnu/libpixman-1.so.0.32.6
7f15378fb000-7f1537903000 r-xp 00000000 fe:01 24124373                   /usr/lib/x86_64-linux-gnu/libthai.so.0.2.2
7f1537903000-7f1537b02000 ---p 00008000 fe:01 24124373                   /usr/lib/x86_64-linux-gnu/libthai.so.0.2.2
7f1537b02000-7f1537b03000 r--p 00007000 fe:01 24124373                   /usr/lib/x86_64-linux-gnu/libthai.so.0.2.2
7f1537b03000-7f1537b04000 rw-p 00008000 fe:01 24124373                   /usr/lib/x86_64-linux-gnu/libthai.so.0.2.2
7f1537b04000-7f1537b18000 r-xp 00000000 fe:01 24124383                   /usr/lib/x86_64-linux-gnu/libpangoft2-1.0.so.0.3600.8
7f1537b18000-7f1537d18000 ---p 00014000 fe:01 24124383                   /usr/lib/x86_64-linux-gnu/libpangoft2-1.0.so.0.3600.8
7f1537d18000-7f1537d19000 r--p 00014000 fe:01 24124383                   /usr/lib/x86_64-linux-gnu/libpangoft2-1.0.so.0.3600.8
7f1537d19000-7f1537d1a000 rw-p 00015000 fe:01 24124383                   /usr/lib/x86_64-linux-gnu/libpangoft2-1.0.so.0.3600.8
7f1537d1a000-7f1537df3000 r-xp 00000000 fe:01 24124682                   /usr/lib/x86_64-linux-gnu/libepoxy.so.0.0.0
7f1537df3000-7f1537ff2000 ---p 000d9000 fe:01 24124682                   /usr/lib/x86_64-linux-gnu/libepoxy.so.0.0.0
7f1537ff2000-7f1537ff9000 r--p 000d8000 fe:01 24124682                   /usr/lib/x86_64-linux-gnu/libepoxy.so.0.0.0
7f1537ff9000-7f1538000000 rw-p 000df000 fe:01 24124682                   /usr/lib/x86_64-linux-gnu/libepoxy.so.0.0.0
7f1538000000-7f1538043000 rw-p 00000000 00:00 0 
7f1538043000-7f153c000000 ---p 00000000 00:00 0 
7f153c0f3000-7f153c0ff000 r-xp 00000000 fe:01 24124684                   /usr/lib/x86_64-linux-gnu/libwayland-client.so.0.3.0
7f153c0ff000-7f153c2fe000 ---p 0000c000 fe:01 24124684                   /usr/lib/x86_64-linux-gnu/libwayland-client.so.0.3.0
7f153c2fe000-7f153c301000 r--p 0000b000 fe:01 24124684                   /usr/lib/x86_64-linux-gnu/libwayland-client.so.0.3.0
7f153c301000-7f153c302000 rw-p 0000e000 fe:01 24124684                   /usr/lib/x86_64-linux-gnu/libwayland-client.so.0.3.0
7f153c302000-7f153c303000 r-xp 00000000 fe:01 24124705                   /usr/lib/x86_64-linux-gnu/libwayland-egl.so.1.0.0
7f153c303000-7f153c502000 ---p 00001000 fe:01 24124705                   /usr/lib/x86_64-linux-gnu/libwayland-egl.so.1.0.0
7f153c502000-7f153c503000 r--p 00000000 fe:01 24124705                   /usr/lib/x86_64-linux-gnu/libwayland-egl.so.1.0.0
7f153c503000-7f153c504000 rw-p 00001000 fe:01 24124705                   /usr/lib/x86_64-linux-gnu/libwayland-egl.so.1.0.0
7f153c504000-7f153c508000 r-xp 00000000 fe:01 24124686                   /usr/lib/x86_64-linux-gnu/libwayland-cursor.so.0.0.0
7f153c508000-7f153c707000 ---p 00004000 fe:01 24124686                   /usr/lib/x86_64-linux-gnu/libwayland-cursor.so.0.0.0
7f153c707000-7f153c708000 r--p 00003000 fe:01 24124686                   /usr/lib/x86_64-linux-gnu/libwayland-cursor.so.0.0.0
7f153c708000-7f153c70c000 rw-p 00004000 fe:01 24124686                   /usr/lib/x86_64-linux-gnu/libwayland-cursor.so.0.0.0
7f153c70c000-7f153c749000 r-xp 00000000 fe:01 24124719                   /usr/lib/x86_64-linux-gnu/libxkbcommon.so.0.0.0
7f153c749000-7f153c949000 ---p 0003d000 fe:01 24124719                   /usr/lib/x86_64-linux-gnu/libxkbcommon.so.0.0.0
7f153c949000-7f153c94b000 r--p 0003d000 fe:01 24124719                   /usr/lib/x86_64-linux-gnu/libxkbcommon.so.0.0.0
7f153c94b000-7f153c94c000 rw-p 0003f000 fe:01 24124719                   /usr/lib/x86_64-linux-gnu/libxkbcommon.so.0.0.0
7f153c94c000-7f153c94e000 r-xp 00000000 fe:01 24124713                   /usr/lib/x86_64-linux-gnu/libXdamage.so.1.1.0
7f153c94e000-7f153cb4d000 ---p 00002000 fe:01 24124713                   /usr/lib/x86_64-linux-gnu/libXdamage.so.1.1.0
7f153cb4d000-7f153cb4e000 r--p 00001000 fe:01 24124713                   /usr/lib/x86_64-linux-gnu/libXdamage.so.1.1.0
7f153cb4e000-7f153cb4f000 rw-p 00002000 fe:01 24124713                   /usr/lib/x86_64-linux-gnu/libXdamage.so.1.1.0
7f153cb4f000-7f153cb51000 r-xp 00000000 fe:01 24124707                   /usr/lib/x86_64-linux-gnu/libXcomposite.so.1.0.0
7f153cb51000-7f153cd50000 ---p 00002000 fe:01 24124707                   /usr/lib/x86_64-linux-gnu/libXcomposite.so.1.0.0
7f153cd50000-7f153cd51000 r--p 00001000 fe:01 24124707                   /usr/lib/x86_64-linux-gnu/libXcomposite.so.1.0.0
7f153cd51000-7f153cd52000 rw-p 00002000 fe:01 24124707                   /usr/lib/x86_64-linux-gnu/libXcomposite.so.1.0.0
7f153cd52000-7f153cd5c000 r-xp 00000000 fe:01 24124721                   /usr/lib/x86_64-linux-gnu/libXrandr.so.2.2.0
7f153cd5c000-7f153cf5b000 ---p 0000a000 fe:01 24124721                   /usr/lib/x86_64-linux-gnu/libXrandr.so.2.2.0
7f153cf5b000-7f153cf5c000 r--p 00009000 fe:01 24124721                   /usr/lib/x86_64-linux-gnu/libXrandr.so.2.2.0
7f153cf5c000-7f153cf5d000 rw-p 0000a000 fe:01 24124721                   /usr/lib/x86_64-linux-gnu/libXrandr.so.2.2.0
7f153cf5d000-7f153cf5f000 r-xp 00000000 fe:01 24124717                   /usr/lib/x86_64-linux-gnu/libXinerama.so.1.0.0
7f153cf5f000-7f153d15e000 ---p 00002000 fe:01 24124717                   /usr/lib/x86_64-linux-gnu/libXinerama.so.1.0.0
7f153d15e000-7f153d15f000 r--p 00001000 fe:01 24124717                   /usr/lib/x86_64-linux-gnu/libXinerama.so.1.0.0
7f153d15f000-7f153d160000 rw-p 00002000 fe:01 24124717                   /usr/lib/x86_64-linux-gnu/libXinerama.so.1.0.0
7f153d160000-7f153d270000 r-xp 00000000 fe:01 24124349                   /usr/lib/x86_64-linux-gnu/libcairo.so.2.11400.2
7f153d270000-7f153d470000 ---p 00110000 fe:01 24124349                   /usr/lib/x86_64-linux-gnu/libcairo.so.2.11400.2
7f153d470000-7f153d473000 r--p 00110000 fe:01 24124349                   /usr/lib/x86_64-linux-gnu/libcairo.so.2.11400.2
7f153d473000-7f153d474000 rw-p 00113000 fe:01 24124349                   /usr/lib/x86_64-linux-gnu/libcairo.so.2.11400.2
7f153d474000-7f153d476000 rw-p 00000000 00:00 0 
7f153d476000-7f153d47c000 r-xp 00000000 fe:01 24124656                   /usr/lib/x86_64-linux-gnu/libcairo-gobject.so.2.11400.2
7f153d47c000-7f153d67c000 ---p 00006000 fe:01 24124656                   /usr/lib/x86_64-linux-gnu/libcairo-gobject.so.2.11400.2
7f153d67c000-7f153d67e000 r--p 00006000 fe:01 24124656                   /usr/lib/x86_64-linux-gnu/libcairo-gobject.so.2.11400.2
7f153d67e000-7f153d67f000 rw-p 00008000 fe:01 24124656                   /usr/lib/x86_64-linux-gnu/libcairo-gobject.so.2.11400.2
7f153d67f000-7f153d6a0000 r-xp 00000000 fe:01 24124317                   /usr/lib/x86_64-linux-gnu/libgdk_pixbuf-2.0.so.0.3100.5
7f153d6a0000-7f153d89f000 ---p 00021000 fe:01 24124317                   /usr/lib/x86_64-linux-gnu/libgdk_pixbuf-2.0.so.0.3100.5
7f153d89f000-7f153d8a0000 r--p 00020000 fe:01 24124317                   /usr/lib/x86_64-linux-gnu/libgdk_pixbuf-2.0.so.0.3100.5
7f153d8a0000-7f153d8a1000 rw-p 00021000 fe:01 24124317                   /usr/lib/x86_64-linux-gnu/libgdk_pixbuf-2.0.so.0.3100.5
7f153d8a1000-7f153d8ec000 r-xp 00000000 fe:01 24124375                   /usr/lib/x86_64-linux-gnu/libpango-1.0.so.0.3600.8
7f153d8ec000-7f153daec000 ---p 0004b000 fe:01 24124375                   /usr/lib/x86_64-linux-gnu/libpango-1.0.so.0.3600.8
7f153daec000-7f153daee000 r--p 0004b000 fe:01 24124375                   /usr/lib/x86_64-linux-gnu/libpango-1.0.so.0.3600.8
7f153daee000-7f153daef000 rw-p 0004d000 fe:01 24124375                   /usr/lib/x86_64-linux-gnu/libpango-1.0.so.0.3600.8
7f153daef000-7f153dafb000 r-xp 00000000 fe:01 24124385                   /usr/lib/x86_64-linux-gnu/libpangocairo-1.0.so.0.3600.8
7f153dafb000-7f153dcfa000 ---p 0000c000 fe:01 24124385                   /usr/lib/x86_64-linux-gnu/libpangocairo-1.0.so.0.3600.8
7f153dcfa000-7f153dcfb000 r--p 0000b000 fe:01 24124385                   /usr/lib/x86_64-linux-gnu/libpangocairo-1.0.so.0.3600.8
7f153dcfb000-7f153dcfc000 rw-p 0000c000 fe:01 24124385                   /usr/lib/x86_64-linux-gnu/libpangocairo-1.0.so.0.3600.8
7f153dcfc000-7f153ddbd000 r-xp 00000000 fe:01 24125126                   /usr/lib/x86_64-linux-gnu/libgdk-3.so.0.1600.6
7f153ddbd000-7f153dfbc000 ---p 000c1000 fe:01 24125126                   /usr/lib/x86_64-linux-gnu/libgdk-3.so.0.1600.6
7f153dfbc000-7f153dfc1000 r--p 000c0000 fe:01 24125126                   /usr/lib/x86_64-linux-gnu/libgdk-3.so.0.1600.6
7f153dfc1000-7f153dfc3000 rw-p 000c5000 fe:01 24125126                   /usr/lib/x86_64-linux-gnu/libgdk-3.so.0.1600.6
7f153dfc3000-7f153dfc4000 rw-p 00000000 00:00 0 
7f153dfc4000-7f153e074000 r-xp 00000000 fe:01 24132937                   /usr/lib/x86_64-linux-gnu/libgdk-x11-2.0.so.0.2400.28
7f153e074000-7f153e274000 ---p 000b0000 fe:01 24132937                   /usr/lib/x86_64-linux-gnu/libgdk-x11-2.0.so.0.2400.28
7f153e274000-7f153e278000 r--p 000b0000 fe:01 24132937                   /usr/lib/x86_64-linux-gnu/libgdk-x11-2.0.so.0.2400.28
7f153e278000-7f153e27a000 rw-p 000b4000 fe:01 24132937                   /usr/lib/x86_64-linux-gnu/libgdk-x11-2.0.so.0.2400.28
7f153e27a000-7f153e27b000 r-xp 00000000 fe:01 24124210                   /usr/lib/x86_64-linux-gnu/libgthread-2.0.so.0.4400.1
7f153e27b000-7f153e47a000 ---p 00001000 fe:01 24124210                   /usr/lib/x86_64-linux-gnu/libgthread-2.0.so.0.4400.1
7f153e47a000-7f153e47b000 r--p 00000000 fe:01 24124210                   /usr/lib/x86_64-linux-gnu/libgthread-2.0.so.0.4400.1
7f153e47b000-7f153e47c000 rw-p 00001000 fe:01 24124210                   /usr/lib/x86_64-linux-gnu/libgthread-2.0.so.0.4400.1
7f153e47c000-7f153e4a9000 r-xp 00000000 fe:01 24124677                   /usr/lib/x86_64-linux-gnu/libatspi.so.0.0.1
7f153e4a9000-7f153e6a8000 ---p 0002d000 fe:01 24124677                   /usr/lib/x86_64-linux-gnu/libatspi.so.0.0.1
7f153e6a8000-7f153e6ac000 r--p 0002c000 fe:01 24124677                   /usr/lib/x86_64-linux-gnu/libatspi.so.0.0.1
7f153e6ac000-7f153e6ad000 rw-p 00030000 fe:01 24124677                   /usr/lib/x86_64-linux-gnu/libatspi.so.0.0.1
7f153e6ad000-7f153e6d9000 r-xp 00000000 fe:01 24124679                   /usr/lib/x86_64-linux-gnu/libatk-bridge-2.0.so.0.0.0
7f153e6d9000-7f153e8d9000 ---p 0002c000 fe:01 24124679                   /usr/lib/x86_64-linux-gnu/libatk-bridge-2.0.so.0.0.0
7f153e8d9000-7f153e8da000 r--p 0002c000 fe:01 24124679                   /usr/lib/x86_64-linux-gnu/libatk-bridge-2.0.so.0.0.0
7f153e8da000-7f153e8dc000 rw-p 0002d000 fe:01 24124679                   /usr/lib/x86_64-linux-gnu/libatk-bridge-2.0.so.0.0.0
7f153e8dc000-7f153e8ff000 r-xp 00000000 fe:01 24124654                   /usr/lib/x86_64-linux-gnu/libatk-1.0.so.0.21609.1
7f153e8ff000-7f153eafe000 ---p 00023000 fe:01 24124654                   /usr/lib/x86_64-linux-gnu/libatk-1.0.so.0.21609.1
7f153eafe000-7f153eb01000 r--p 00022000 fe:01 24124654                   /usr/lib/x86_64-linux-gnu/libatk-1.0.so.0.21609.1
7f153eb01000-7f153eb02000 rw-p 00025000 fe:01 24124654                   /usr/lib/x86_64-linux-gnu/libatk-1.0.so.0.21609.1
7f153eb02000-7f153eb1b000 r-xp 00000000 fe:01 27656296                   /usr/lib/x86_64-linux-gnu/jni/libatk-wrapper.so.1.2.22
7f153eb1b000-7f153ed1b000 ---p 00019000 fe:01 27656296                   /usr/lib/x86_64-linux-gnu/jni/libatk-wrapper.so.1.2.22
7f153ed1b000-7f153ed1c000 rw-p 00019000 fe:01 27656296                   /usr/lib/x86_64-linux-gnu/jni/libatk-wrapper.so.1.2.22
7f153ed1c000-7f153ed1f000 ---p 00000000 00:00 0 
7f153ed1f000-7f153ef1d000 rw-p 00000000 00:00 0                          [stack:19035]
7f153ef1d000-7f153ef22000 r-xp 00000000 fe:01 24124709                   /usr/lib/x86_64-linux-gnu/libXfixes.so.3.1.0
7f153ef22000-7f153f121000 ---p 00005000 fe:01 24124709                   /usr/lib/x86_64-linux-gnu/libXfixes.so.3.1.0
7f153f121000-7f153f122000 r--p 00004000 fe:01 24124709                   /usr/lib/x86_64-linux-gnu/libXfixes.so.3.1.0
7f153f122000-7f153f123000 rw-p 00005000 fe:01 24124709                   /usr/lib/x86_64-linux-gnu/libXfixes.so.3.1.0
7f153f123000-7f153f12d000 r-xp 00000000 fe:01 24124711                   /usr/lib/x86_64-linux-gnu/libXcursor.so.1.0.2
7f153f12d000-7f153f32c000 ---p 0000a000 fe:01 24124711                   /usr/lib/x86_64-linux-gnu/libXcursor.so.1.0.2
7f153f32c000-7f153f32d000 r--p 00009000 fe:01 24124711                   /usr/lib/x86_64-linux-gnu/libXcursor.so.1.0.2
7f153f32d000-7f153f32e000 rw-p 0000a000 fe:01 24124711                   /usr/lib/x86_64-linux-gnu/libXcursor.so.1.0.2
7f153f32e000-7f153f331000 ---p 00000000 00:00 0 
7f153f331000-7f153f52f000 rw-p 00000000 00:00 0                          [stack:19034]
7f153f52f000-7f153f532000 ---p 00000000 00:00 0 
7f153f532000-7f153f730000 rw-p 00000000 00:00 0                          [stack:19033]
7f153f730000-7f153f733000 ---p 00000000 00:00 0 
7f153f733000-7f153f931000 rw-p 00000000 00:00 0                          [stack:19032]
7f153f931000-7f153f934000 ---p 00000000 00:00 0 
7f153f934000-7f153fb32000 rw-p 00000000 00:00 0                          [stack:19031]
7f153fb32000-7f153fb79000 r-xp 00000000 fe:01 5505223                    /lib/x86_64-linux-gnu/libdbus-1.so.3.8.13
7f153fb79000-7f153fd79000 ---p 00047000 fe:01 5505223                    /lib/x86_64-linux-gnu/libdbus-1.so.3.8.13
7f153fd79000-7f153fd7a000 r--p 00047000 fe:01 5505223                    /lib/x86_64-linux-gnu/libdbus-1.so.3.8.13
7f153fd7a000-7f153fd7b000 rw-p 00048000 fe:01 5505223                    /lib/x86_64-linux-gnu/libdbus-1.so.3.8.13
7f153fd7b000-7f153fdfc000 r-xp 00000000 fe:01 24121848                   /usr/lib/x86_64-linux-gnu/libgmp.so.10.2.0
7f153fdfc000-7f153fffc000 ---p 00081000 fe:01 24121848                   /usr/lib/x86_64-linux-gnu/libgmp.so.10.2.0
7f153fffc000-7f153fffd000 r--p 00081000 fe:01 24121848                   /usr/lib/x86_64-linux-gnu/libgmp.so.10.2.0
7f153fffd000-7f153fffe000 rw-p 00082000 fe:01 24121848                   /usr/lib/x86_64-linux-gnu/libgmp.so.10.2.0
7f153fffe000-7f1540030000 r-xp 00000000 fe:01 24121039                   /usr/lib/x86_64-linux-gnu/libhogweed.so.4.1
7f1540030000-7f1540230000 ---p 00032000 fe:01 24121039                   /usr/lib/x86_64-linux-gnu/libhogweed.so.4.1
7f1540230000-7f1540231000 r--p 00032000 fe:01 24121039                   /usr/lib/x86_64-linux-gnu/libhogweed.so.4.1
7f1540231000-7f1540232000 rw-p 00033000 fe:01 24121039                   /usr/lib/x86_64-linux-gnu/libhogweed.so.4.1
7f1540232000-7f1540267000 r-xp 00000000 fe:01 24121041                   /usr/lib/x86_64-linux-gnu/libnettle.so.6.1
7f1540267000-7f1540466000 ---p 00035000 fe:01 24121041                   /usr/lib/x86_64-linux-gnu/libnettle.so.6.1
7f1540466000-7f1540468000 r--p 00034000 fe:01 24121041                   /usr/lib/x86_64-linux-gnu/libnettle.so.6.1
7f1540468000-7f1540469000 rw-p 00036000 fe:01 24121041                   /usr/lib/x86_64-linux-gnu/libnettle.so.6.1
7f1540469000-7f154047a000 r-xp 00000000 fe:01 24121905                   /usr/lib/x86_64-linux-gnu/libtasn1.so.6.4.2
7f154047a000-7f154067a000 ---p 00011000 fe:01 24121905                   /usr/lib/x86_64-linux-gnu/libtasn1.so.6.4.2
7f154067a000-7f154067b000 r--p 00011000 fe:01 24121905                   /usr/lib/x86_64-linux-gnu/libtasn1.so.6.4.2
7f154067b000-7f154067c000 rw-p 00012000 fe:01 24121905                   /usr/lib/x86_64-linux-gnu/libtasn1.so.6.4.2
7f154067c000-7f15406d6000 r-xp 00000000 fe:01 24118858                   /usr/lib/x86_64-linux-gnu/libp11-kit.so.0.1.0
7f15406d6000-7f15408d6000 ---p 0005a000 fe:01 24118858                   /usr/lib/x86_64-linux-gnu/libp11-kit.so.0.1.0
7f15408d6000-7f15408e0000 r--p 0005a000 fe:01 24118858                   /usr/lib/x86_64-linux-gnu/libp11-kit.so.0.1.0
7f15408e0000-7f15408e2000 rw-p 00064000 fe:01 24118858                   /usr/lib/x86_64-linux-gnu/libp11-kit.so.0.1.0
7f15408e2000-7f15408e5000 r-xp 00000000 fe:01 5505110                    /lib/x86_64-linux-gnu/libkeyutils.so.1.5
7f15408e5000-7f1540ae4000 ---p 00003000 fe:01 5505110                    /lib/x86_64-linux-gnu/libkeyutils.so.1.5
7f1540ae4000-7f1540ae5000 r--p 00002000 fe:01 5505110                    /lib/x86_64-linux-gnu/libkeyutils.so.1.5
7f1540ae5000-7f1540ae6000 rw-p 00003000 fe:01 5505110                    /lib/x86_64-linux-gnu/libkeyutils.so.1.5
7f1540ae6000-7f1540af1000 r-xp 00000000 fe:01 24123660                   /usr/lib/x86_64-linux-gnu/libkrb5support.so.0.1
7f1540af1000-7f1540cf0000 ---p 0000b000 fe:01 24123660                   /usr/lib/x86_64-linux-gnu/libkrb5support.so.0.1
7f1540cf0000-7f1540cf1000 r--p 0000a000 fe:01 24123660                   /usr/lib/x86_64-linux-gnu/libkrb5support.so.0.1
7f1540cf1000-7f1540cf2000 rw-p 0000b000 fe:01 24123660                   /usr/lib/x86_64-linux-gnu/libkrb5support.so.0.1
7f1540cf2000-7f1540cf5000 r-xp 00000000 fe:01 5505114                    /lib/x86_64-linux-gnu/libcom_err.so.2.1
7f1540cf5000-7f1540ef4000 ---p 00003000 fe:01 5505114                    /lib/x86_64-linux-gnu/libcom_err.so.2.1
7f1540ef4000-7f1540ef5000 r--p 00002000 fe:01 5505114                    /lib/x86_64-linux-gnu/libcom_err.so.2.1
7f1540ef5000-7f1540ef6000 rw-p 00003000 fe:01 5505114                    /lib/x86_64-linux-gnu/libcom_err.so.2.1
7f1540ef6000-7f1540f24000 r-xp 00000000 fe:01 24123662                   /usr/lib/x86_64-linux-gnu/libk5crypto.so.3.1
7f1540f24000-7f1541123000 ---p 0002e000 fe:01 24123662                   /usr/lib/x86_64-linux-gnu/libk5crypto.so.3.1
7f1541123000-7f1541126000 r--p 0002d000 fe:01 24123662                   /usr/lib/x86_64-linux-gnu/libk5crypto.so.3.1
7f1541126000-7f1541127000 rw-p 00030000 fe:01 24123662                   /usr/lib/x86_64-linux-gnu/libk5crypto.so.3.1
7f1541127000-7f1541128000 rw-p 00000000 00:00 0 
7f1541128000-7f15411ef000 r-xp 00000000 fe:01 24154361                   /usr/lib/x86_64-linux-gnu/libkrb5.so.3.3
7f15411ef000-7f15413ef000 ---p 000c7000 fe:01 24154361                   /usr/lib/x86_64-linux-gnu/libkrb5.so.3.3
7f15413ef000-7f15413fd000 r--p 000c7000 fe:01 24154361                   /usr/lib/x86_64-linux-gnu/libkrb5.so.3.3
7f15413fd000-7f1541400000 rw-p 000d5000 fe:01 24154361                   /usr/lib/x86_64-linux-gnu/libkrb5.so.3.3
7f1541400000-7f1541405000 r-xp 00000000 fe:01 24124230                   /usr/lib/x86_64-linux-gnu/libXdmcp.so.6.0.0
7f1541405000-7f1541604000 ---p 00005000 fe:01 24124230                   /usr/lib/x86_64-linux-gnu/libXdmcp.so.6.0.0
7f1541604000-7f1541605000 r--p 00004000 fe:01 24124230                   /usr/lib/x86_64-linux-gnu/libXdmcp.so.6.0.0
7f1541605000-7f1541606000 rw-p 00005000 fe:01 24124230                   /usr/lib/x86_64-linux-gnu/libXdmcp.so.6.0.0
7f1541606000-7f1541609000 r-xp 00000000 fe:01 24124228                   /usr/lib/x86_64-linux-gnu/libXau.so.6.0.0
7f1541609000-7f1541808000 ---p 00003000 fe:01 24124228                   /usr/lib/x86_64-linux-gnu/libXau.so.6.0.0
7f1541808000-7f1541809000 r--p 00002000 fe:01 24124228                   /usr/lib/x86_64-linux-gnu/libXau.so.6.0.0
7f1541809000-7f154180a000 rw-p 00003000 fe:01 24124228                   /usr/lib/x86_64-linux-gnu/libXau.so.6.0.0
7f154180a000-7f1541830000 r-xp 00000000 fe:01 5505217                    /lib/x86_64-linux-gnu/libpng12.so.0.50.0
7f1541830000-7f1541a2f000 ---p 00026000 fe:01 5505217                    /lib/x86_64-linux-gnu/libpng12.so.0.50.0
7f1541a2f000-7f1541a30000 r--p 00025000 fe:01 5505217                    /lib/x86_64-linux-gnu/libpng12.so.0.50.0
7f1541a30000-7f1541a31000 rw-p 00026000 fe:01 5505217                    /lib/x86_64-linux-gnu/libpng12.so.0.50.0
7f1541a31000-7f1541a57000 r-xp 00000000 fe:01 5505028                    /lib/x86_64-linux-gnu/libexpat.so.1.6.0
7f1541a57000-7f1541c56000 ---p 00026000 fe:01 5505028                    /lib/x86_64-linux-gnu/libexpat.so.1.6.0
7f1541c56000-7f1541c59000 r--p 00025000 fe:01 5505028                    /lib/x86_64-linux-gnu/libexpat.so.1.6.0
7f1541c59000-7f1541c5a000 rw-p 00028000 fe:01 5505028                    /lib/x86_64-linux-gnu/libexpat.so.1.6.0
7f1541c5a000-7f1541c6a000 r-xp 00000000 fe:01 24124479                   /usr/lib/x86_64-linux-gnu/libavahi-client.so.3.2.9
7f1541c6a000-7f1541e69000 ---p 00010000 fe:01 24124479                   /usr/lib/x86_64-linux-gnu/libavahi-client.so.3.2.9
7f1541e69000-7f1541e6a000 r--p 0000f000 fe:01 24124479                   /usr/lib/x86_64-linux-gnu/libavahi-client.so.3.2.9
7f1541e6a000-7f1541e6b000 rw-p 00010000 fe:01 24124479                   /usr/lib/x86_64-linux-gnu/libavahi-client.so.3.2.9
7f1541e6b000-7f1541e77000 r-xp 00000000 fe:01 24124477                   /usr/lib/x86_64-linux-gnu/libavahi-common.so.3.5.3
7f1541e77000-7f1542076000 ---p 0000c000 fe:01 24124477                   /usr/lib/x86_64-linux-gnu/libavahi-common.so.3.5.3
7f1542076000-7f1542077000 r--p 0000b000 fe:01 24124477                   /usr/lib/x86_64-linux-gnu/libavahi-common.so.3.5.3
7f1542077000-7f1542078000 rw-p 0000c000 fe:01 24124477                   /usr/lib/x86_64-linux-gnu/libavahi-common.so.3.5.3
7f1542078000-7f154218e000 r-xp 00000000 fe:01 24121059                   /usr/lib/x86_64-linux-gnu/libgnutls-deb0.so.28.41.9
7f154218e000-7f154238e000 ---p 00116000 fe:01 24121059                   /usr/lib/x86_64-linux-gnu/libgnutls-deb0.so.28.41.9
7f154238e000-7f1542397000 r--p 00116000 fe:01 24121059                   /usr/lib/x86_64-linux-gnu/libgnutls-deb0.so.28.41.9
7f1542397000-7f1542399000 rw-p 0011f000 fe:01 24121059                   /usr/lib/x86_64-linux-gnu/libgnutls-deb0.so.28.41.9
7f1542399000-7f154239a000 rw-p 00000000 00:00 0 
7f154239a000-7f15423e1000 r-xp 00000000 fe:01 24154400                   /usr/lib/x86_64-linux-gnu/libgssapi_krb5.so.2.2
7f15423e1000-7f15425e0000 ---p 00047000 fe:01 24154400                   /usr/lib/x86_64-linux-gnu/libgssapi_krb5.so.2.2
7f15425e0000-7f15425e2000 r--p 00046000 fe:01 24154400                   /usr/lib/x86_64-linux-gnu/libgssapi_krb5.so.2.2
7f15425e2000-7f15425e4000 rw-p 00048000 fe:01 24154400                   /usr/lib/x86_64-linux-gnu/libgssapi_krb5.so.2.2
7f15425e4000-7f1542605000 r-xp 00000000 fe:01 24124232                   /usr/lib/x86_64-linux-gnu/libxcb.so.1.1.0
7f1542605000-7f1542804000 ---p 00021000 fe:01 24124232                   /usr/lib/x86_64-linux-gnu/libxcb.so.1.1.0
7f1542804000-7f1542805000 r--p 00020000 fe:01 24124232                   /usr/lib/x86_64-linux-gnu/libxcb.so.1.1.0
7f1542805000-7f1542806000 rw-p 00021000 fe:01 24124232                   /usr/lib/x86_64-linux-gnu/libxcb.so.1.1.0
7f1542806000-7f15428aa000 r-xp 00000000 fe:01 24124323                   /usr/lib/x86_64-linux-gnu/libfreetype.so.6.11.1
7f15428aa000-7f1542aa9000 ---p 000a4000 fe:01 24124323                   /usr/lib/x86_64-linux-gnu/libfreetype.so.6.11.1
7f1542aa9000-7f1542ab0000 r--p 000a3000 fe:01 24124323                   /usr/lib/x86_64-linux-gnu/libfreetype.so.6.11.1
7f1542ab0000-7f1542ab1000 rw-p 000aa000 fe:01 24124323                   /usr/lib/x86_64-linux-gnu/libfreetype.so.6.11.1
7f1542ab1000-7f1542aec000 r-xp 00000000 fe:01 24124336                   /usr/lib/x86_64-linux-gnu/libfontconfig.so.1.8.0
7f1542aec000-7f1542ceb000 ---p 0003b000 fe:01 24124336                   /usr/lib/x86_64-linux-gnu/libfontconfig.so.1.8.0
7f1542ceb000-7f1542ced000 r--p 0003a000 fe:01 24124336                   /usr/lib/x86_64-linux-gnu/libfontconfig.so.1.8.0
7f1542ced000-7f1542cee000 rw-p 0003c000 fe:01 24124336                   /usr/lib/x86_64-linux-gnu/libfontconfig.so.1.8.0
7f1542cee000-7f1542d66000 r-xp 00000000 fe:01 24124902                   /usr/lib/x86_64-linux-gnu/libcups.so.2
7f1542d66000-7f1542f66000 ---p 00078000 fe:01 24124902                   /usr/lib/x86_64-linux-gnu/libcups.so.2
7f1542f66000-7f1542f6e000 r--p 00078000 fe:01 24124902                   /usr/lib/x86_64-linux-gnu/libcups.so.2
7f1542f6e000-7f1542f6f000 rw-p 00080000 fe:01 24124902                   /usr/lib/x86_64-linux-gnu/libcups.so.2
7f1542f6f000-7f1542f7e000 r-xp 00000000 fe:01 24124715                   /usr/lib/x86_64-linux-gnu/libXi.so.6.1.0
7f1542f7e000-7f154317d000 ---p 0000f000 fe:01 24124715                   /usr/lib/x86_64-linux-gnu/libXi.so.6.1.0
7f154317d000-7f154317e000 r--p 0000e000 fe:01 24124715                   /usr/lib/x86_64-linux-gnu/libXi.so.6.1.0
7f154317e000-7f154317f000 rw-p 0000f000 fe:01 24124715                   /usr/lib/x86_64-linux-gnu/libXi.so.6.1.0
7f154317f000-7f1543184000 r-xp 00000000 fe:01 24125318                   /usr/lib/x86_64-linux-gnu/libXtst.so.6.1.0
7f1543184000-7f1543383000 ---p 00005000 fe:01 24125318                   /usr/lib/x86_64-linux-gnu/libXtst.so.6.1.0
7f1543383000-7f1543384000 r--p 00004000 fe:01 24125318                   /usr/lib/x86_64-linux-gnu/libXtst.so.6.1.0
7f1543384000-7f1543385000 rw-p 00005000 fe:01 24125318                   /usr/lib/x86_64-linux-gnu/libXtst.so.6.1.0
7f1543385000-7f154338e000 r-xp 00000000 fe:01 24124347                   /usr/lib/x86_64-linux-gnu/libXrender.so.1.3.0
7f154338e000-7f154358d000 ---p 00009000 fe:01 24124347                   /usr/lib/x86_64-linux-gnu/libXrender.so.1.3.0
7f154358d000-7f154358e000 r--p 00008000 fe:01 24124347                   /usr/lib/x86_64-linux-gnu/libXrender.so.1.3.0
7f154358e000-7f154358f000 rw-p 00009000 fe:01 24124347                   /usr/lib/x86_64-linux-gnu/libXrender.so.1.3.0
7f154358f000-7f15436cb000 r-xp 00000000 fe:01 24124236                   /usr/lib/x86_64-linux-gnu/libX11.so.6.3.0
7f15436cb000-7f15438ca000 ---p 0013c000 fe:01 24124236                   /usr/lib/x86_64-linux-gnu/libX11.so.6.3.0
7f15438ca000-7f15438cc000 r--p 0013b000 fe:01 24124236                   /usr/lib/x86_64-linux-gnu/libX11.so.6.3.0
7f15438cc000-7f15438d1000 rw-p 0013d000 fe:01 24124236                   /usr/lib/x86_64-linux-gnu/libX11.so.6.3.0
7f15438d1000-7f15438d2000 rw-p 00000000 00:00 0 
7f15438d2000-7f15438e3000 r-xp 00000000 fe:01 24124345                   /usr/lib/x86_64-linux-gnu/libXext.so.6.4.0
7f15438e3000-7f1543ae2000 ---p 00011000 fe:01 24124345                   /usr/lib/x86_64-linux-gnu/libXext.so.6.4.0
7f1543ae2000-7f1543ae3000 r--p 00010000 fe:01 24124345                   /usr/lib/x86_64-linux-gnu/libXext.so.6.4.0
7f1543ae3000-7f1543ae4000 rw-p 00011000 fe:01 24124345                   /usr/lib/x86_64-linux-gnu/libXext.so.6.4.0
7f1543ae4000-7f1543b2d000 r-xp 00000000 fe:01 27656308                   /usr/lib/jvm/java-7-openjdk-amd64/jre/lib/amd64/xawt/libmawt.so
7f1543b2d000-7f1543d2c000 ---p 00049000 fe:01 27656308                   /usr/lib/jvm/java-7-openjdk-amd64/jre/lib/amd64/xawt/libmawt.so
7f1543d2c000-7f1543d2d000 r--p 00048000 fe:01 27656308                   /usr/lib/jvm/java-7-openjdk-amd64/jre/lib/amd64/xawt/libmawt.so
7f1543d2d000-7f1543d30000 rw-p 00049000 fe:01 27656308                   /usr/lib/jvm/java-7-openjdk-amd64/jre/lib/amd64/xawt/libmawt.so
7f1543d30000-7f1543d31000 rw-p 00000000 00:00 0 
7f1543d31000-7f1543dd0000 r-xp 00000000 fe:01 26479109                   /usr/lib/jvm/java-7-openjdk-amd64/jre/lib/amd64/libawt.so
7f1543dd0000-7f1543fcf000 ---p 0009f000 fe:01 26479109                   /usr/lib/jvm/java-7-openjdk-amd64/jre/lib/amd64/libawt.so
7f1543fcf000-7f1543fd0000 r--p 0009e000 fe:01 26479109                   /usr/lib/jvm/java-7-openjdk-amd64/jre/lib/amd64/libawt.so
7f1543fd0000-7f1543fdb000 rw-p 0009f000 fe:01 26479109                   /usr/lib/jvm/java-7-openjdk-amd64/jre/lib/amd64/libawt.so
7f1543fdb000-7f1544000000 rw-p 00000000 00:00 0 
7f1544000000-7f1544021000 rw-p 00000000 00:00 0 
7f1544021000-7f1548000000 ---p 00000000 00:00 0 
7f1548000000-7f1548021000 rw-p 00000000 00:00 0 
7f1548021000-7f154c000000 ---p 00000000 00:00 0 
7f154c000000-7f154c260000 rw-p 00000000 00:00 0 
7f154c260000-7f1550000000 ---p 00000000 00:00 0 
7f1550000000-7f1550021000 rw-p 00000000 00:00 0 
7f1550021000-7f1554000000 ---p 00000000 00:00 0 
7f1554000000-7f155566f000 rw-p 00000000 00:00 0 
7f155566f000-7f1558000000 ---p 00000000 00:00 0 
7f1558000000-7f155996e000 rw-p 00000000 00:00 0 
7f155996e000-7f155c000000 ---p 00000000 00:00 0 
7f155c000000-7f155c021000 rw-p 00000000 00:00 0 
7f155c021000-7f1560000000 ---p 00000000 00:00 0 
7f1560000000-7f1560021000 rw-p 00000000 00:00 0 
7f1560021000-7f1564000000 ---p 00000000 00:00 0 
7f1564000000-7f1564021000 rw-p 00000000 00:00 0 
7f1564021000-7f1568000000 ---p 00000000 00:00 0 
7f15680a8000-7f15680b3000 r--s 00000000 fe:01 27132326                   /var/cache/fontconfig/945677eb7aeaf62f1d50efc3fb3ec7d8-le64.cache-4
7f15680b3000-7f15680c6000 r--s 00000000 fe:01 27132339                   /var/cache/fontconfig/d52a8644073d54c13679302ca1180695-le64.cache-4
7f15680c6000-7f15680c9000 ---p 00000000 00:00 0 
7f15680c9000-7f15682c7000 rw-p 00000000 00:00 0                          [stack:19030]
7f15682c7000-7f15682ca000 ---p 00000000 00:00 0 
7f15682ca000-7f15687c9000 rw-p 00000000 00:00 0                          [stack:19029]
7f15687c9000-7f1568835000 r-xp 00000000 fe:01 5505163                    /lib/x86_64-linux-gnu/libpcre.so.3.13.1
7f1568835000-7f1568a35000 ---p 0006c000 fe:01 5505163                    /lib/x86_64-linux-gnu/libpcre.so.3.13.1
7f1568a35000-7f1568a36000 r--p 0006c000 fe:01 5505163                    /lib/x86_64-linux-gnu/libpcre.so.3.13.1
7f1568a36000-7f1568a37000 rw-p 0006d000 fe:01 5505163                    /lib/x86_64-linux-gnu/libpcre.so.3.13.1
7f1568a37000-7f1568a3e000 r-xp 00000000 fe:01 24120337                   /usr/lib/x86_64-linux-gnu/libffi.so.6.0.4
7f1568a3e000-7f1568c3e000 ---p 00007000 fe:01 24120337                   /usr/lib/x86_64-linux-gnu/libffi.so.6.0.4
7f1568c3e000-7f1568c3f000 r--p 00007000 fe:01 24120337                   /usr/lib/x86_64-linux-gnu/libffi.so.6.0.4
7f1568c3f000-7f1568c40000 rw-p 00008000 fe:01 24120337                   /usr/lib/x86_64-linux-gnu/libffi.so.6.0.4
7f1568c40000-7f1568c54000 r-xp 00000000 fe:01 5508365                    /lib/x86_64-linux-gnu/libresolv-2.19.so
7f1568c54000-7f1568e53000 ---p 00014000 fe:01 5508365                    /lib/x86_64-linux-gnu/libresolv-2.19.so
7f1568e53000-7f1568e54000 r--p 00013000 fe:01 5508365                    /lib/x86_64-linux-gnu/libresolv-2.19.so
7f1568e54000-7f1568e55000 rw-p 00014000 fe:01 5508365                    /lib/x86_64-linux-gnu/libresolv-2.19.so
7f1568e55000-7f1568e57000 rw-p 00000000 00:00 0 
7f1568e57000-7f1568e78000 r-xp 00000000 fe:01 5505068                    /lib/x86_64-linux-gnu/libselinux.so.1
7f1568e78000-7f1569078000 ---p 00021000 fe:01 5505068                    /lib/x86_64-linux-gnu/libselinux.so.1
7f1569078000-7f1569079000 r--p 00021000 fe:01 5505068                    /lib/x86_64-linux-gnu/libselinux.so.1
7f1569079000-7f156907a000 rw-p 00022000 fe:01 5505068                    /lib/x86_64-linux-gnu/libselinux.so.1
7f156907a000-7f156907c000 rw-p 00000000 00:00 0 
7f156907c000-7f156907f000 r-xp 00000000 fe:01 24124208                   /usr/lib/x86_64-linux-gnu/libgmodule-2.0.so.0.4400.1
7f156907f000-7f156927e000 ---p 00003000 fe:01 24124208                   /usr/lib/x86_64-linux-gnu/libgmodule-2.0.so.0.4400.1
7f156927e000-7f156927f000 r--p 00002000 fe:01 24124208                   /usr/lib/x86_64-linux-gnu/libgmodule-2.0.so.0.4400.1
7f156927f000-7f1569280000 rw-p 00003000 fe:01 24124208                   /usr/lib/x86_64-linux-gnu/libgmodule-2.0.so.0.4400.1
7f1569280000-7f156938d000 r-xp 00000000 fe:01 5505215                    /lib/x86_64-linux-gnu/libglib-2.0.so.0.4400.1
7f156938d000-7f156958c000 ---p 0010d000 fe:01 5505215                    /lib/x86_64-linux-gnu/libglib-2.0.so.0.4400.1
7f156958c000-7f156958d000 r--p 0010c000 fe:01 5505215                    /lib/x86_64-linux-gnu/libglib-2.0.so.0.4400.1
7f156958d000-7f156958e000 rw-p 0010d000 fe:01 5505215                    /lib/x86_64-linux-gnu/libglib-2.0.so.0.4400.1
7f156958e000-7f156958f000 rw-p 00000000 00:00 0 
7f156958f000-7f15695df000 r-xp 00000000 fe:01 24124209                   /usr/lib/x86_64-linux-gnu/libgobject-2.0.so.0.4400.1
7f15695df000-7f15697df000 ---p 00050000 fe:01 24124209                   /usr/lib/x86_64-linux-gnu/libgobject-2.0.so.0.4400.1
7f15697df000-7f15697e0000 r--p 00050000 fe:01 24124209                   /usr/lib/x86_64-linux-gnu/libgobject-2.0.so.0.4400.1
7f15697e0000-7f15697e1000 rw-p 00051000 fe:01 24124209                   /usr/lib/x86_64-linux-gnu/libgobject-2.0.so.0.4400.1
7f15697e1000-7f1569959000 r-xp 00000000 fe:01 24124211                   /usr/lib/x86_64-linux-gnu/libgio-2.0.so.0.4400.1
7f1569959000-7f1569b58000 ---p 00178000 fe:01 24124211                   /usr/lib/x86_64-linux-gnu/libgio-2.0.so.0.4400.1
7f1569b58000-7f1569b5c000 r--p 00177000 fe:01 24124211                   /usr/lib/x86_64-linux-gnu/libgio-2.0.so.0.4400.1
7f1569b5c000-7f1569b5e000 rw-p 0017b000 fe:01 24124211                   /usr/lib/x86_64-linux-gnu/libgio-2.0.so.0.4400.1
7f1569b5e000-7f156c000000 rw-p 00000000 00:00 0 
7f156c000000-7f156c060000 rw-p 00000000 00:00 0 
7f156c060000-7f1570000000 ---p 00000000 00:00 0 
7f1570000000-7f1570021000 rw-p 00000000 00:00 0 
7f1570021000-7f1574000000 ---p 00000000 00:00 0 
7f1574000000-7f1574022000 rw-p 00000000 00:00 0 
7f1574022000-7f1578000000 ---p 00000000 00:00 0 
7f1578006000-7f157800d000 r--s 00000000 fe:01 27132342                   /var/cache/fontconfig/3047814df9a2f067bd2d96a2b9c36e5a-le64.cache-4
7f157800d000-7f1578010000 ---p 00000000 00:00 0 
7f1578010000-7f1578046000 rw-p 00000000 00:00 0                          [stack:19037]
7f1578046000-7f157805d000 r-xp 00000000 fe:01 26479132                   /usr/lib/jvm/java-7-openjdk-amd64/jre/lib/amd64/libnet.so
7f157805d000-7f157825d000 ---p 00017000 fe:01 26479132                   /usr/lib/jvm/java-7-openjdk-amd64/jre/lib/amd64/libnet.so
7f157825d000-7f157825e000 r--p 00017000 fe:01 26479132                   /usr/lib/jvm/java-7-openjdk-amd64/jre/lib/amd64/libnet.so
7f157825e000-7f157825f000 rw-p 00018000 fe:01 26479132                   /usr/lib/jvm/java-7-openjdk-amd64/jre/lib/amd64/libnet.so
7f157825f000-7f1578270000 r-xp 00000000 fe:01 26479133                   /usr/lib/jvm/java-7-openjdk-amd64/jre/lib/amd64/libnio.so
7f1578270000-7f157846f000 ---p 00011000 fe:01 26479133                   /usr/lib/jvm/java-7-openjdk-amd64/jre/lib/amd64/libnio.so
7f157846f000-7f1578470000 r--p 00010000 fe:01 26479133                   /usr/lib/jvm/java-7-openjdk-amd64/jre/lib/amd64/libnio.so
7f1578470000-7f1578471000 rw-p 00011000 fe:01 26479133                   /usr/lib/jvm/java-7-openjdk-amd64/jre/lib/amd64/libnio.so
7f1578471000-7f1578472000 ---p 00000000 00:00 0 
7f1578472000-7f1578572000 rw-p 00000000 00:00 0                          [stack:19028]
7f1578572000-7f1578575000 ---p 00000000 00:00 0 
7f1578575000-7f1578773000 rw-p 00000000 00:00 0                          [stack:19027]
7f1578773000-7f1578776000 ---p 00000000 00:00 0 
7f1578776000-7f1578874000 rw-p 00000000 00:00 0                          [stack:19026]
7f1578874000-7f1578877000 ---p 00000000 00:00 0 
7f1578877000-7f1578a75000 rw-p 00000000 00:00 0                          [stack:19024]
7f1578a75000-7f1578bfe000 r--p 00000000 fe:01 24121797                   /usr/lib/locale/locale-archive
7f1578bfe000-7f1578c01000 ---p 00000000 00:00 0 
7f1578c01000-7f1578dff000 rw-p 00000000 00:00 0                          [stack:19023]
7f1578dff000-7f1578e02000 ---p 00000000 00:00 0 
7f1578e02000-7f1579000000 rw-p 00000000 00:00 0                          [stack:19022]
7f1579000000-7f1579330000 rwxp 00000000 00:00 0 
7f1579330000-7f157c3e8000 rw-p 00000000 00:00 0 
7f157c3e8000-7f1580000000 ---p 00000000 00:00 0 
7f1580006000-7f158003b000 r--s 00000000 fe:01 27132569                   /var/cache/nscd/hosts
7f158003b000-7f158003e000 ---p 00000000 00:00 0 
7f158003e000-7f158013c000 rw-p 00000000 00:00 0                          [stack:19025]
7f158013c000-7f158013d000 ---p 00000000 00:00 0 
7f158013d000-7f1580bf2000 rw-p 00000000 00:00 0                          [stack:19021]
7f1580bf2000-7f1580da4000 r--s 01d2b000 fe:01 26479158                   /usr/lib/jvm/java-7-openjdk-amd64/jre/lib/rt.jar
7f1580da4000-7f15810e7000 rw-p 00000000 00:00 0 
7f15810e7000-7f15810e8000 ---p 00000000 00:00 0 
7f15810e8000-7f15811e8000 rw-p 00000000 00:00 0                          [stack:19020]
7f15811e8000-7f15811e9000 ---p 00000000 00:00 0 
7f15811e9000-7f15812fb000 rw-p 00000000 00:00 0                          [stack:19019]
7f15812fb000-7f15813f0000 rw-p 00000000 00:00 0 
7f15813f0000-7f1581404000 rw-p 00000000 00:00 0 
7f1581404000-7f15814b0000 rw-p 00000000 00:00 0 
7f15814b0000-7f15814c2000 rw-p 00000000 00:00 0 
7f15814c2000-7f15815b6000 rw-p 00000000 00:00 0 
7f15815b6000-7f1581631000 rw-p 00000000 00:00 0 
7f1581631000-7f158163a000 rw-p 00000000 00:00 0 
7f158163a000-7f158163b000 rw-p 00000000 00:00 0 
7f158163b000-7f1581643000 r-xp 00000000 fe:01 26479138                   /usr/lib/jvm/java-7-openjdk-amd64/jre/lib/amd64/libzip.so
7f1581643000-7f1581842000 ---p 00008000 fe:01 26479138                   /usr/lib/jvm/java-7-openjdk-amd64/jre/lib/amd64/libzip.so
7f1581842000-7f1581843000 r--p 00007000 fe:01 26479138                   /usr/lib/jvm/java-7-openjdk-amd64/jre/lib/amd64/libzip.so
7f1581843000-7f1581844000 rw-p 00008000 fe:01 26479138                   /usr/lib/jvm/java-7-openjdk-amd64/jre/lib/amd64/libzip.so
7f1581844000-7f1581870000 r-xp 00000000 fe:01 26479120                   /usr/lib/jvm/java-7-openjdk-amd64/jre/lib/amd64/libjava.so
7f1581870000-7f1581a6f000 ---p 0002c000 fe:01 26479120                   /usr/lib/jvm/java-7-openjdk-amd64/jre/lib/amd64/libjava.so
7f1581a6f000-7f1581a70000 r--p 0002b000 fe:01 26479120                   /usr/lib/jvm/java-7-openjdk-amd64/jre/lib/amd64/libjava.so
7f1581a70000-7f1581a72000 rw-p 0002c000 fe:01 26479120                   /usr/lib/jvm/java-7-openjdk-amd64/jre/lib/amd64/libjava.so
7f1581a72000-7f1581a81000 r-xp 00000000 fe:01 26479137                   /usr/lib/jvm/java-7-openjdk-amd64/jre/lib/amd64/libverify.so
7f1581a81000-7f1581c80000 ---p 0000f000 fe:01 26479137                   /usr/lib/jvm/java-7-openjdk-amd64/jre/lib/amd64/libverify.so
7f1581c80000-7f1581c82000 r--p 0000e000 fe:01 26479137                   /usr/lib/jvm/java-7-openjdk-amd64/jre/lib/amd64/libverify.so
7f1581c82000-7f1581c83000 rw-p 00010000 fe:01 26479137                   /usr/lib/jvm/java-7-openjdk-amd64/jre/lib/amd64/libverify.so
7f1581c83000-7f1581c8a000 r-xp 00000000 fe:01 5508362                    /lib/x86_64-linux-gnu/librt-2.19.so
7f1581c8a000-7f1581e89000 ---p 00007000 fe:01 5508362                    /lib/x86_64-linux-gnu/librt-2.19.so
7f1581e89000-7f1581e8a000 r--p 00006000 fe:01 5508362                    /lib/x86_64-linux-gnu/librt-2.19.so
7f1581e8a000-7f1581e8b000 rw-p 00007000 fe:01 5508362                    /lib/x86_64-linux-gnu/librt-2.19.so
7f1581e8b000-7f1581e8e000 ---p 00000000 00:00 0 
7f1581e8e000-7f158208c000 rw-p 00000000 00:00 0                          [stack:19018]
7f158208c000-7f15820a2000 r-xp 00000000 fe:01 5505806                    /lib/x86_64-linux-gnu/libgcc_s.so.1
7f15820a2000-7f15822a1000 ---p 00016000 fe:01 5505806                    /lib/x86_64-linux-gnu/libgcc_s.so.1
7f15822a1000-7f15822a2000 rw-p 00015000 fe:01 5505806                    /lib/x86_64-linux-gnu/libgcc_s.so.1
7f15822a2000-7f15823a2000 r-xp 00000000 fe:01 5508373                    /lib/x86_64-linux-gnu/libm-2.19.so
7f15823a2000-7f15825a1000 ---p 00100000 fe:01 5508373                    /lib/x86_64-linux-gnu/libm-2.19.so
7f15825a1000-7f15825a2000 r--p 000ff000 fe:01 5508373                    /lib/x86_64-linux-gnu/libm-2.19.so
7f15825a2000-7f15825a3000 rw-p 00100000 fe:01 5508373                    /lib/x86_64-linux-gnu/libm-2.19.so
7f15825a3000-7f158270e000 r-xp 00000000 fe:01 24125137                   /usr/lib/x86_64-linux-gnu/libstdc++.so.6.0.21
7f158270e000-7f158290e000 ---p 0016b000 fe:01 24125137                   /usr/lib/x86_64-linux-gnu/libstdc++.so.6.0.21
7f158290e000-7f1582918000 r--p 0016b000 fe:01 24125137                   /usr/lib/x86_64-linux-gnu/libstdc++.so.6.0.21
7f1582918000-7f158291a000 rw-p 00175000 fe:01 24125137                   /usr/lib/x86_64-linux-gnu/libstdc++.so.6.0.21
7f158291a000-7f158291e000 rw-p 00000000 00:00 0 
7f158291e000-7f158346f000 r-xp 00000000 fe:01 26479140                   /usr/lib/jvm/java-7-openjdk-amd64/jre/lib/amd64/server/libjvm.so
7f158346f000-7f158366f000 ---p 00b51000 fe:01 26479140                   /usr/lib/jvm/java-7-openjdk-amd64/jre/lib/amd64/server/libjvm.so
7f158366f000-7f1583700000 r--p 00b51000 fe:01 26479140                   /usr/lib/jvm/java-7-openjdk-amd64/jre/lib/amd64/server/libjvm.so
7f1583700000-7f1583723000 rw-p 00be2000 fe:01 26479140                   /usr/lib/jvm/java-7-openjdk-amd64/jre/lib/amd64/server/libjvm.so
7f1583723000-7f158374e000 rw-p 00000000 00:00 0 
7f158374e000-7f1583768000 r-xp 00000000 fe:01 5505126                    /lib/x86_64-linux-gnu/libz.so.1.2.8
7f1583768000-7f1583967000 ---p 0001a000 fe:01 5505126                    /lib/x86_64-linux-gnu/libz.so.1.2.8
7f1583967000-7f1583968000 r--p 00019000 fe:01 5505126                    /lib/x86_64-linux-gnu/libz.so.1.2.8
7f1583968000-7f1583969000 rw-p 0001a000 fe:01 5505126                    /lib/x86_64-linux-gnu/libz.so.1.2.8
7f1583969000-7f1583b08000 r-xp 00000000 fe:01 5508360                    /lib/x86_64-linux-gnu/libc-2.19.so
7f1583b08000-7f1583d08000 ---p 0019f000 fe:01 5508360                    /lib/x86_64-linux-gnu/libc-2.19.so
7f1583d08000-7f1583d0c000 r--p 0019f000 fe:01 5508360                    /lib/x86_64-linux-gnu/libc-2.19.so
7f1583d0c000-7f1583d0e000 rw-p 001a3000 fe:01 5508360                    /lib/x86_64-linux-gnu/libc-2.19.so
7f1583d0e000-7f1583d12000 rw-p 00000000 00:00 0 
7f1583d12000-7f1583d15000 r-xp 00000000 fe:01 5508379                    /lib/x86_64-linux-gnu/libdl-2.19.so
7f1583d15000-7f1583f14000 ---p 00003000 fe:01 5508379                    /lib/x86_64-linux-gnu/libdl-2.19.so
7f1583f14000-7f1583f15000 r--p 00002000 fe:01 5508379                    /lib/x86_64-linux-gnu/libdl-2.19.so
7f1583f15000-7f1583f16000 rw-p 00003000 fe:01 5508379                    /lib/x86_64-linux-gnu/libdl-2.19.so
7f1583f16000-7f1583f23000 r-xp 00000000 fe:01 26479144                   /usr/lib/jvm/java-7-openjdk-amd64/jre/lib/amd64/jli/libjli.so
7f1583f23000-7f1584122000 ---p 0000d000 fe:01 26479144                   /usr/lib/jvm/java-7-openjdk-amd64/jre/lib/amd64/jli/libjli.so
7f1584122000-7f1584123000 r--p 0000c000 fe:01 26479144                   /usr/lib/jvm/java-7-openjdk-amd64/jre/lib/amd64/jli/libjli.so
7f1584123000-7f1584124000 rw-p 0000d000 fe:01 26479144                   /usr/lib/jvm/java-7-openjdk-amd64/jre/lib/amd64/jli/libjli.so
7f1584124000-7f158413c000 r-xp 00000000 fe:01 5508364                    /lib/x86_64-linux-gnu/libpthread-2.19.so
7f158413c000-7f158433b000 ---p 00018000 fe:01 5508364                    /lib/x86_64-linux-gnu/libpthread-2.19.so
7f158433b000-7f158433c000 r--p 00017000 fe:01 5508364                    /lib/x86_64-linux-gnu/libpthread-2.19.so
7f158433c000-7f158433d000 rw-p 00018000 fe:01 5508364                    /lib/x86_64-linux-gnu/libpthread-2.19.so
7f158433d000-7f1584341000 rw-p 00000000 00:00 0 
7f1584341000-7f1584361000 r-xp 00000000 fe:01 5508369                    /lib/x86_64-linux-gnu/ld-2.19.so
7f1584363000-7f1584364000 rw-p 00000000 00:00 0 
7f1584364000-7f1584366000 r--s 00000000 fe:01 27131931                   /var/cache/fontconfig/5a86461592e14be7c82e45729474f230-le64.cache-4
7f1584366000-7f1584367000 r--s 00000000 fe:01 27131916                   /var/cache/fontconfig/4794a0821666d79190d59a36cb4f44b5-le64.cache-4
7f1584367000-7f1584371000 r--s 00000000 fe:01 27132338                   /var/cache/fontconfig/3f7329c5293ffd510edef78f73874cfd-le64.cache-4
7f1584371000-7f158439c000 rw-p 00000000 00:00 0 
7f158439c000-7f1584448000 rw-p 00000000 00:00 0 
7f1584448000-7f1584455000 rw-p 00000000 00:00 0 
7f1584455000-7f1584508000 rw-p 00000000 00:00 0 
7f1584508000-7f158453d000 r--s 00000000 fe:01 27132491                   /var/cache/nscd/passwd
7f158453d000-7f1584542000 rw-p 00000000 00:00 0 
7f1584542000-7f158454d000 r--s 00000000 fe:01 27132325                   /var/cache/fontconfig/d589a48862398ed80a3d6066f4f56f4c-le64.cache-4
7f158454d000-7f1584550000 r--s 00000000 fe:01 27132328                   /var/cache/fontconfig/e13b20fdb08344e0e664864cc2ede53d-le64.cache-4
7f1584550000-7f1584555000 r--s 0004d000 fe:01 26479087                   /usr/lib/jvm/java-7-openjdk-amd64/jre/lib/jsse.jar
7f1584555000-7f158455d000 rw-s 00000000 fe:01 9437455                    /tmp/hsperfdata_ngerber/19017
7f158455d000-7f158455e000 rw-p 00000000 00:00 0 
7f158455e000-7f158455f000 r--p 00000000 00:00 0 
7f158455f000-7f1584561000 rw-p 00000000 00:00 0 
7f1584561000-7f1584562000 r--p 00020000 fe:01 5508369                    /lib/x86_64-linux-gnu/ld-2.19.so
7f1584562000-7f1584563000 rw-p 00021000 fe:01 5508369                    /lib/x86_64-linux-gnu/ld-2.19.so
7f1584563000-7f1584564000 rw-p 00000000 00:00 0 
7fff98cf9000-7fff98d1b000 rw-p 00000000 00:00 0                          [stack]
7fff98dcf000-7fff98dd1000 r--p 00000000 00:00 0                          [vvar]
7fff98dd1000-7fff98dd3000 r-xp 00000000 00:00 0                          [vdso]
ffffffffff600000-ffffffffff601000 r-xp 00000000 00:00 0                  [vsyscall]

VM Arguments:
jvm_args: -Djdk.home=/usr/lib/jvm/java-7-openjdk-amd64 -Dnetbeans.default_userdir_root=/home/ngerber/.netbeans -Dnetbeans.running.environment=gnome -Dnetbeans.dirs=/usr/share/netbeans/8.0.2/nb:/usr/share/netbeans/8.0.2/ergonomics:/usr/share/netbeans/8.0.2/ide:/usr/share/netbeans/8.0.2/extide:/usr/share/netbeans/8.0.2/java:/usr/share/netbeans/8.0.2/apisupport:/usr/share/netbeans/8.0.2/webcommon:/usr/share/netbeans/8.0.2/websvccommon:/usr/share/netbeans/8.0.2/enterprise:/usr/share/netbeans/8.0.2/mobility:/usr/share/netbeans/8.0.2/profiler:/usr/share/netbeans/8.0.2/python:/usr/share/netbeans/8.0.2/php:/usr/share/netbeans/8.0.2/identity:/usr/share/netbeans/8.0.2/harness:/usr/share/netbeans/8.0.2/cnd:/usr/share/netbeans/8.0.2/dlight:/usr/share/netbeans/8.0.2/groovy:/usr/share/netbeans/8.0.2/extra:/usr/share/netbeans/8.0.2/javacard:/usr/share/netbeans/8.0.2/javafx: -Dnetbeans.home=/usr/share/netbeans/8.0.2/platform -Dnetbeans.importclass=org.netbeans.upgrade.AutoUpgrade -Dnetbeans.accept_license_class=org.netbeans.license.AcceptLicense -Xmx788m -Xss2m -Xms32m -XX:PermSize=32m -Dapple.laf.useScreenMenuBar=true -Dapple.awt.graphics.UseQuartz=true -Dsun.java2d.noddraw=true -Dsun.java2d.dpiaware=true -Dsun.zip.disableMemoryMapping=true -Dsun.java2d.pmoffscreen=false -XX:MaxPermSize=384m -XX:+HeapDumpOnOutOfMemoryError -XX:HeapDumpPath=/home/ngerber/.netbeans/8.0.2/var/log/heapdump.hprof 
java_command: org.netbeans.Main --cachedir /home/ngerber/.cache/netbeans/8.0.2 --userdir /home/ngerber/.netbeans/8.0.2 --branding nb
Launcher Type: SUN_STANDARD

Environment Variables:
PATH=/usr/local/bin:/usr/bin:/bin:/usr/games
LD_LIBRARY_PATH=/usr/lib/jvm/java-7-openjdk-amd64/bin/../jre/lib/amd64:/usr/lib/jvm/java-7-openjdk-amd64/bin/../jre/lib/i386:
SHELL=/bin/bash
DISPLAY=:0

Signal Handlers:
SIGSEGV: [libjvm.so+0x995800], sa_mask[0]=0x7ffbfeff, sa_flags=0x10000004
SIGBUS: [libjvm.so+0x995800], sa_mask[0]=0x7ffbfeff, sa_flags=0x10000004
SIGFPE: [libjvm.so+0x7fca50], sa_mask[0]=0x7ffbfeff, sa_flags=0x10000004
SIGPIPE: SIG_IGN, sa_mask[0]=0x00001000, sa_flags=0x10000000
SIGXFSZ: [libjvm.so+0x7fca50], sa_mask[0]=0x7ffbfeff, sa_flags=0x10000004
SIGILL: [libjvm.so+0x7fca50], sa_mask[0]=0x7ffbfeff, sa_flags=0x10000004
SIGUSR1: SIG_DFL, sa_mask[0]=0x00000000, sa_flags=0x00000000
SIGUSR2: [libjvm.so+0x7fc8d0], sa_mask[0]=0x00000000, sa_flags=0x10000004
SIGHUP: [libjvm.so+0x7fca60], sa_mask[0]=0x7ffbfeff, sa_flags=0x10000004
SIGINT: SIG_IGN, sa_mask[0]=0x00000000, sa_flags=0x00000000
SIGTERM: [libjvm.so+0x7fca60], sa_mask[0]=0x7ffbfeff, sa_flags=0x10000004
SIGQUIT: [libjvm.so+0x7fca60], sa_mask[0]=0x7ffbfeff, sa_flags=0x10000004
SIGTRAP: SIG_DFL, sa_mask[0]=0x00000000, sa_flags=0x00000000


---------------  S Y S T E M  ---------------

OS:stretch/sid

uname:Linux 4.1.0-2-amd64 #1 SMP Debian 4.1.6-1 (2015-08-23) x86_64
libc:glibc 2.19 NPTL 2.19 
rlimit: STACK 8192k, CORE 0k, NPROC 15682, NOFILE 65536, AS infinity
load average:0.68 0.20 0.11

/proc/meminfo:
MemTotal:        4034712 kB
MemFree:           31780 kB
MemAvailable:    2660084 kB
Buffers:           65404 kB
Cached:          2533088 kB
SwapCached:         1540 kB
Active:          2445708 kB
Inactive:        1301644 kB
Active(anon):    1120824 kB
Inactive(anon):    81712 kB
Active(file):    1324884 kB
Inactive(file):  1219932 kB
Unevictable:          32 kB
Mlocked:              32 kB
SwapTotal:       8355836 kB
SwapFree:        8345920 kB
Dirty:              1028 kB
Writeback:             0 kB
AnonPages:       1148300 kB
Mapped:           270984 kB
Shmem:             53672 kB
Slab:             142708 kB
SReclaimable:     113164 kB
SUnreclaim:        29544 kB
KernelStack:        6000 kB
PageTables:        28664 kB
NFS_Unstable:          0 kB
Bounce:                0 kB
WritebackTmp:          0 kB
CommitLimit:    10373192 kB
Committed_AS:    3319528 kB
VmallocTotal:   34359738367 kB
VmallocUsed:      112604 kB
VmallocChunk:   34359537660 kB
HardwareCorrupted:     0 kB
AnonHugePages:         0 kB
HugePages_Total:       0
HugePages_Free:        0
HugePages_Rsvd:        0
HugePages_Surp:        0
Hugepagesize:       2048 kB
DirectMap4k:      403156 kB
DirectMap2M:     3774464 kB


CPU:total 2 (2 cores per cpu, 1 threads per core) family 6 model 26 stepping 5, cmov, cx8, fxsr, mmx, sse, sse2, sse3, ssse3, sse4.1, sse4.2, popcnt, tsc, tscinvbit, tscinv

/proc/cpuinfo:
processor	: 0
vendor_id	: GenuineIntel
cpu family	: 6
model		: 26
model name	: Intel(R) Xeon(R) CPU           W3505  @ 2.53GHz
stepping	: 5
microcode	: 0xf
cpu MHz		: 2527.000
cache size	: 4096 KB
physical id	: 0
siblings	: 2
core id		: 0
cpu cores	: 2
apicid		: 0
initial apicid	: 0
fpu		: yes
fpu_exception	: yes
cpuid level	: 11
wp		: yes
flags		: fpu vme de pse tsc msr pae mce cx8 apic sep mtrr pge mca cmov pat pse36 clflush dts acpi mmx fxsr sse sse2 ss ht tm pbe syscall nx rdtscp lm constant_tsc arch_perfmon pebs bts rep_good nopl xtopology nonstop_tsc aperfmperf pni dtes64 monitor ds_cpl vmx est tm2 ssse3 cx16 xtpr pdcm dca sse4_1 sse4_2 popcnt lahf_lm dtherm tpr_shadow vnmi flexpriority ept vpid
bugs		:
bogomips	: 5066.81
clflush size	: 64
cache_alignment	: 64
address sizes	: 36 bits physical, 48 bits virtual
power management:

processor	: 1
vendor_id	: GenuineIntel
cpu family	: 6
model		: 26
model name	: Intel(R) Xeon(R) CPU           W3505  @ 2.53GHz
stepping	: 5
microcode	: 0xf
cpu MHz		: 2527.000
cache size	: 4096 KB
physical id	: 0
siblings	: 2
core id		: 2
cpu cores	: 2
apicid		: 4
initial apicid	: 4
fpu		: yes
fpu_exception	: yes
cpuid level	: 11
wp		: yes
flags		: fpu vme de pse tsc msr pae mce cx8 apic sep mtrr pge mca cmov pat pse36 clflush dts acpi mmx fxsr sse sse2 ss ht tm pbe syscall nx rdtscp lm constant_tsc arch_perfmon pebs bts rep_good nopl xtopology nonstop_tsc aperfmperf pni dtes64 monitor ds_cpl vmx est tm2 ssse3 cx16 xtpr pdcm dca sse4_1 sse4_2 popcnt lahf_lm dtherm tpr_shadow vnmi flexpriority ept vpid
bugs		:
bogomips	: 5066.81
clflush size	: 64
cache_alignment	: 64
address sizes	: 36 bits physical, 48 bits virtual
power management:



Memory: 4k page, physical 4034712k(31780k free), swap 8355836k(8345920k free)

vm_info: OpenJDK 64-Bit Server VM (24.85-b03) for linux-amd64 JRE (1.7.0_85-b01), built on Sep  5 2015 23:29:12 by "buildd" with gcc 5.2.1 20150903

time: Tue Sep 15 07:09:44 2015
elapsed time: 8 seconds

